   1               		.file	"mousekey.c"
   2               	__SP_H__ = 0x3e
   3               	__SP_L__ = 0x3d
   4               	__SREG__ = 0x3f
   5               	__tmp_reg__ = 0
   6               	__zero_reg__ = 1
   7               		.text
   8               	.Ltext0:
   9               		.cfi_sections	.debug_frame
  10               		.section	.text.move_unit,"ax",@progbits
  12               	move_unit:
  13               	.LFB1:
  14               		.file 1 "../../tmk_core/common/mousekey.c"
   1:../../tmk_core/common/mousekey.c **** /*
   2:../../tmk_core/common/mousekey.c **** Copyright 2011 Jun Wako <wakojun@gmail.com>
   3:../../tmk_core/common/mousekey.c **** 
   4:../../tmk_core/common/mousekey.c **** This program is free software: you can redistribute it and/or modify
   5:../../tmk_core/common/mousekey.c **** it under the terms of the GNU General Public License as published by
   6:../../tmk_core/common/mousekey.c **** the Free Software Foundation, either version 2 of the License, or
   7:../../tmk_core/common/mousekey.c **** (at your option) any later version.
   8:../../tmk_core/common/mousekey.c **** 
   9:../../tmk_core/common/mousekey.c **** This program is distributed in the hope that it will be useful,
  10:../../tmk_core/common/mousekey.c **** but WITHOUT ANY WARRANTY; without even the implied warranty of
  11:../../tmk_core/common/mousekey.c **** MERCHANTABILITY or FITNESS FOR A PARTICULAR PURPOSE.  See the
  12:../../tmk_core/common/mousekey.c **** GNU General Public License for more details.
  13:../../tmk_core/common/mousekey.c **** 
  14:../../tmk_core/common/mousekey.c **** You should have received a copy of the GNU General Public License
  15:../../tmk_core/common/mousekey.c **** along with this program.  If not, see <http://www.gnu.org/licenses/>.
  16:../../tmk_core/common/mousekey.c **** */
  17:../../tmk_core/common/mousekey.c **** 
  18:../../tmk_core/common/mousekey.c **** #include <stdint.h>
  19:../../tmk_core/common/mousekey.c **** #include "keycode.h"
  20:../../tmk_core/common/mousekey.c **** #include "host.h"
  21:../../tmk_core/common/mousekey.c **** #include "timer.h"
  22:../../tmk_core/common/mousekey.c **** #include "print.h"
  23:../../tmk_core/common/mousekey.c **** #include "debug.h"
  24:../../tmk_core/common/mousekey.c **** #include "mousekey.h"
  25:../../tmk_core/common/mousekey.c **** 
  26:../../tmk_core/common/mousekey.c **** 
  27:../../tmk_core/common/mousekey.c **** 
  28:../../tmk_core/common/mousekey.c **** static report_mouse_t mouse_report = {};
  29:../../tmk_core/common/mousekey.c **** static uint8_t mousekey_repeat =  0;
  30:../../tmk_core/common/mousekey.c **** static uint8_t mousekey_accel = 0;
  31:../../tmk_core/common/mousekey.c **** 
  32:../../tmk_core/common/mousekey.c **** static void mousekey_debug(void);
  33:../../tmk_core/common/mousekey.c **** 
  34:../../tmk_core/common/mousekey.c **** 
  35:../../tmk_core/common/mousekey.c **** /*
  36:../../tmk_core/common/mousekey.c ****  * Mouse keys  acceleration algorithm
  37:../../tmk_core/common/mousekey.c ****  *  http://en.wikipedia.org/wiki/Mouse_keys
  38:../../tmk_core/common/mousekey.c ****  *
  39:../../tmk_core/common/mousekey.c ****  *  speed = delta * max_speed * (repeat / time_to_max)**((1000+curve)/1000)
  40:../../tmk_core/common/mousekey.c ****  */
  41:../../tmk_core/common/mousekey.c **** /* milliseconds between the initial key press and first repeated motion event (0-2550) */
  42:../../tmk_core/common/mousekey.c **** uint8_t mk_delay = MOUSEKEY_DELAY/10;
  43:../../tmk_core/common/mousekey.c **** /* milliseconds between repeated motion events (0-255) */
  44:../../tmk_core/common/mousekey.c **** uint8_t mk_interval = MOUSEKEY_INTERVAL;
  45:../../tmk_core/common/mousekey.c **** /* steady speed (in action_delta units) applied each event (0-255) */
  46:../../tmk_core/common/mousekey.c **** uint8_t mk_max_speed = MOUSEKEY_MAX_SPEED;
  47:../../tmk_core/common/mousekey.c **** /* number of events (count) accelerating to steady speed (0-255) */
  48:../../tmk_core/common/mousekey.c **** uint8_t mk_time_to_max = MOUSEKEY_TIME_TO_MAX;
  49:../../tmk_core/common/mousekey.c **** /* ramp used to reach maximum pointer speed (NOT SUPPORTED) */
  50:../../tmk_core/common/mousekey.c **** //int8_t mk_curve = 0;
  51:../../tmk_core/common/mousekey.c **** /* wheel params */
  52:../../tmk_core/common/mousekey.c **** uint8_t mk_wheel_max_speed = MOUSEKEY_WHEEL_MAX_SPEED;
  53:../../tmk_core/common/mousekey.c **** uint8_t mk_wheel_time_to_max = MOUSEKEY_WHEEL_TIME_TO_MAX;
  54:../../tmk_core/common/mousekey.c **** 
  55:../../tmk_core/common/mousekey.c **** 
  56:../../tmk_core/common/mousekey.c **** static uint16_t last_timer = 0;
  57:../../tmk_core/common/mousekey.c **** 
  58:../../tmk_core/common/mousekey.c **** 
  59:../../tmk_core/common/mousekey.c **** static uint8_t move_unit(void)
  60:../../tmk_core/common/mousekey.c **** {
  15               		.loc 1 60 0
  16               		.cfi_startproc
  17               	/* prologue: function */
  18               	/* frame size = 0 */
  19               	/* stack size = 0 */
  20               	.L__stack_usage = 0
  61:../../tmk_core/common/mousekey.c ****     uint16_t unit;
  62:../../tmk_core/common/mousekey.c ****     if (mousekey_accel & (1<<0)) {
  21               		.loc 1 62 0
  22 0000 8091 0000 		lds r24,mousekey_accel
  23 0004 80FF      		sbrs r24,0
  24 0006 00C0      		rjmp .L2
  63:../../tmk_core/common/mousekey.c ****         unit = (MOUSEKEY_MOVE_DELTA * mk_max_speed)/4;
  25               		.loc 1 63 0
  26 0008 8091 0000 		lds r24,mk_max_speed
  27 000c 90E0      		ldi r25,0
  28 000e 65E0      		ldi r22,lo8(5)
  29 0010 70E0      		ldi r23,0
  30 0012 0E94 0000 		call __mulhi3
  31 0016 9595      		asr r25
  32 0018 8795      		ror r24
  33 001a 9595      		asr r25
  34 001c 8795      		ror r24
  35               	.LVL0:
  36 001e 00C0      		rjmp .L3
  37               	.LVL1:
  38               	.L2:
  64:../../tmk_core/common/mousekey.c ****     } else if (mousekey_accel & (1<<1)) {
  39               		.loc 1 64 0
  40 0020 81FF      		sbrs r24,1
  41 0022 00C0      		rjmp .L4
  65:../../tmk_core/common/mousekey.c ****         unit = (MOUSEKEY_MOVE_DELTA * mk_max_speed)/2;
  42               		.loc 1 65 0
  43 0024 8091 0000 		lds r24,mk_max_speed
  44 0028 90E0      		ldi r25,0
  45 002a 65E0      		ldi r22,lo8(5)
  46 002c 70E0      		ldi r23,0
  47 002e 0E94 0000 		call __mulhi3
  48 0032 9595      		asr r25
  49 0034 8795      		ror r24
  50               	.LVL2:
  51 0036 00C0      		rjmp .L3
  52               	.LVL3:
  53               	.L4:
  66:../../tmk_core/common/mousekey.c ****     } else if (mousekey_accel & (1<<2)) {
  54               		.loc 1 66 0
  55 0038 82FF      		sbrs r24,2
  56 003a 00C0      		rjmp .L5
  57               	.L7:
  67:../../tmk_core/common/mousekey.c ****         unit = (MOUSEKEY_MOVE_DELTA * mk_max_speed);
  58               		.loc 1 67 0
  59 003c 8091 0000 		lds r24,mk_max_speed
  60 0040 90E0      		ldi r25,0
  61 0042 65E0      		ldi r22,lo8(5)
  62 0044 70E0      		ldi r23,0
  63 0046 0E94 0000 		call __mulhi3
  64               	.LVL4:
  65 004a 00C0      		rjmp .L3
  66               	.LVL5:
  67               	.L5:
  68:../../tmk_core/common/mousekey.c ****     } else if (mousekey_repeat == 0) {
  68               		.loc 1 68 0
  69 004c 2091 0000 		lds r18,mousekey_repeat
  70 0050 2223      		tst r18
  71 0052 01F0      		breq .L9
  69:../../tmk_core/common/mousekey.c ****         unit = MOUSEKEY_MOVE_DELTA;
  70:../../tmk_core/common/mousekey.c ****     } else if (mousekey_repeat >= mk_time_to_max) {
  72               		.loc 1 70 0
  73 0054 3091 0000 		lds r19,mk_time_to_max
  74 0058 2317      		cp r18,r19
  75 005a 00F4      		brsh .L7
  71:../../tmk_core/common/mousekey.c ****         unit = MOUSEKEY_MOVE_DELTA * mk_max_speed;
  72:../../tmk_core/common/mousekey.c ****     } else {
  73:../../tmk_core/common/mousekey.c ****         unit = (MOUSEKEY_MOVE_DELTA * mk_max_speed * mousekey_repeat) / mk_time_to_max;
  76               		.loc 1 73 0
  77 005c 8091 0000 		lds r24,mk_max_speed
  78 0060 90E0      		ldi r25,0
  79 0062 65E0      		ldi r22,lo8(5)
  80 0064 70E0      		ldi r23,0
  81 0066 0E94 0000 		call __mulhi3
  82 006a 622F      		mov r22,r18
  83 006c 70E0      		ldi r23,0
  84 006e 0E94 0000 		call __mulhi3
  85 0072 632F      		mov r22,r19
  86 0074 70E0      		ldi r23,0
  87 0076 0E94 0000 		call __divmodhi4
  88 007a CB01      		movw r24,r22
  89               	.LVL6:
  90               	.L3:
  74:../../tmk_core/common/mousekey.c ****     }
  75:../../tmk_core/common/mousekey.c ****     return (unit > MOUSEKEY_MOVE_MAX ? MOUSEKEY_MOVE_MAX : (unit == 0 ? 1 : unit));
  91               		.loc 1 75 0
  92 007c 8038      		cpi r24,-128
  93 007e 9105      		cpc r25,__zero_reg__
  94 0080 00F4      		brsh .L10
  95               		.loc 1 75 0 is_stmt 0 discriminator 1
  96 0082 0097      		sbiw r24,0
  97 0084 01F4      		brne .L8
  98               		.loc 1 75 0
  99 0086 81E0      		ldi r24,lo8(1)
 100               	.LVL7:
 101 0088 00C0      		rjmp .L8
 102               	.L9:
  69:../../tmk_core/common/mousekey.c ****     } else if (mousekey_repeat >= mk_time_to_max) {
 103               		.loc 1 69 0 is_stmt 1
 104 008a 85E0      		ldi r24,lo8(5)
 105 008c 90E0      		ldi r25,0
 106 008e 0895      		ret
 107               	.LVL8:
 108               	.L10:
 109               		.loc 1 75 0
 110 0090 8FE7      		ldi r24,lo8(127)
 111               	.LVL9:
 112 0092 0895      		ret
 113               	.L8:
  76:../../tmk_core/common/mousekey.c **** }
 114               		.loc 1 76 0 discriminator 8
 115 0094 0895      		ret
 116               		.cfi_endproc
 117               	.LFE1:
 119               		.section	.text.wheel_unit,"ax",@progbits
 121               	wheel_unit:
 122               	.LFB2:
  77:../../tmk_core/common/mousekey.c **** 
  78:../../tmk_core/common/mousekey.c **** static uint8_t wheel_unit(void)
  79:../../tmk_core/common/mousekey.c **** {
 123               		.loc 1 79 0
 124               		.cfi_startproc
 125               	/* prologue: function */
 126               	/* frame size = 0 */
 127               	/* stack size = 0 */
 128               	.L__stack_usage = 0
  80:../../tmk_core/common/mousekey.c ****     uint16_t unit;
  81:../../tmk_core/common/mousekey.c ****     if (mousekey_accel & (1<<0)) {
 129               		.loc 1 81 0
 130 0000 8091 0000 		lds r24,mousekey_accel
 131 0004 80FF      		sbrs r24,0
 132 0006 00C0      		rjmp .L14
  82:../../tmk_core/common/mousekey.c ****         unit = (MOUSEKEY_WHEEL_DELTA * mk_wheel_max_speed)/4;
 133               		.loc 1 82 0
 134 0008 6091 0000 		lds r22,mk_wheel_max_speed
 135 000c 70E0      		ldi r23,0
 136 000e 7595      		asr r23
 137 0010 6795      		ror r22
 138 0012 7595      		asr r23
 139 0014 6795      		ror r22
 140               	.LVL10:
 141 0016 00C0      		rjmp .L22
 142               	.LVL11:
 143               	.L14:
  83:../../tmk_core/common/mousekey.c ****     } else if (mousekey_accel & (1<<1)) {
 144               		.loc 1 83 0
 145 0018 81FF      		sbrs r24,1
 146 001a 00C0      		rjmp .L16
  84:../../tmk_core/common/mousekey.c ****         unit = (MOUSEKEY_WHEEL_DELTA * mk_wheel_max_speed)/2;
 147               		.loc 1 84 0
 148 001c 6091 0000 		lds r22,mk_wheel_max_speed
 149 0020 70E0      		ldi r23,0
 150 0022 7595      		asr r23
 151 0024 6795      		ror r22
 152               	.LVL12:
 153 0026 00C0      		rjmp .L22
 154               	.LVL13:
 155               	.L16:
  85:../../tmk_core/common/mousekey.c ****     } else if (mousekey_accel & (1<<2)) {
 156               		.loc 1 85 0
 157 0028 82FF      		sbrs r24,2
 158 002a 00C0      		rjmp .L17
 159               	.L20:
  86:../../tmk_core/common/mousekey.c ****         unit = (MOUSEKEY_WHEEL_DELTA * mk_wheel_max_speed);
 160               		.loc 1 86 0
 161 002c 6091 0000 		lds r22,mk_wheel_max_speed
 162 0030 70E0      		ldi r23,0
 163               	.LVL14:
 164 0032 00C0      		rjmp .L18
 165               	.LVL15:
 166               	.L17:
  87:../../tmk_core/common/mousekey.c ****     } else if (mousekey_repeat == 0) {
 167               		.loc 1 87 0
 168 0034 6091 0000 		lds r22,mousekey_repeat
 169 0038 6623      		tst r22
 170 003a 01F0      		breq .L23
  88:../../tmk_core/common/mousekey.c ****         unit = MOUSEKEY_WHEEL_DELTA;
  89:../../tmk_core/common/mousekey.c ****     } else if (mousekey_repeat >= mk_wheel_time_to_max) {
 171               		.loc 1 89 0
 172 003c 2091 0000 		lds r18,mk_wheel_time_to_max
 173 0040 6217      		cp r22,r18
 174 0042 00F4      		brsh .L20
  90:../../tmk_core/common/mousekey.c ****         unit = MOUSEKEY_WHEEL_DELTA * mk_wheel_max_speed;
  91:../../tmk_core/common/mousekey.c ****     } else {
  92:../../tmk_core/common/mousekey.c ****         unit = (MOUSEKEY_WHEEL_DELTA * mk_wheel_max_speed * mousekey_repeat) / mk_wheel_time_to_max
 175               		.loc 1 92 0
 176 0044 8091 0000 		lds r24,mk_wheel_max_speed
 177 0048 70E0      		ldi r23,0
 178 004a 90E0      		ldi r25,0
 179 004c 0E94 0000 		call __mulhi3
 180 0050 622F      		mov r22,r18
 181 0052 70E0      		ldi r23,0
 182 0054 0E94 0000 		call __divmodhi4
 183               	.LVL16:
 184               	.L18:
  93:../../tmk_core/common/mousekey.c ****     }
  94:../../tmk_core/common/mousekey.c ****     return (unit > MOUSEKEY_WHEEL_MAX ? MOUSEKEY_WHEEL_MAX : (unit == 0 ? 1 : unit));
 185               		.loc 1 94 0
 186 0058 6038      		cpi r22,-128
 187 005a 7105      		cpc r23,__zero_reg__
 188 005c 00F4      		brsh .L24
 189               	.L22:
 190               		.loc 1 94 0 is_stmt 0 discriminator 1
 191 005e 6115      		cp r22,__zero_reg__
 192 0060 7105      		cpc r23,__zero_reg__
 193 0062 01F4      		brne .L19
 194 0064 00C0      		rjmp .L26
 195               	.LVL17:
 196               	.L23:
  88:../../tmk_core/common/mousekey.c ****     } else if (mousekey_repeat >= mk_wheel_time_to_max) {
 197               		.loc 1 88 0 is_stmt 1
 198 0066 61E0      		ldi r22,lo8(1)
 199 0068 70E0      		ldi r23,0
 200               	.L19:
 201               		.loc 1 94 0 discriminator 3
 202 006a 862F      		mov r24,r22
 203 006c 0895      		ret
 204               	.LVL18:
 205               	.L24:
 206               		.loc 1 94 0 is_stmt 0
 207 006e 8FE7      		ldi r24,lo8(127)
 208 0070 0895      		ret
 209               	.L26:
 210 0072 81E0      		ldi r24,lo8(1)
  95:../../tmk_core/common/mousekey.c **** }
 211               		.loc 1 95 0 is_stmt 1
 212 0074 0895      		ret
 213               		.cfi_endproc
 214               	.LFE2:
 216               		.section	.text.mousekey_on,"ax",@progbits
 217               	.global	mousekey_on
 219               	mousekey_on:
 220               	.LFB4:
  96:../../tmk_core/common/mousekey.c **** 
  97:../../tmk_core/common/mousekey.c **** void mousekey_task(void)
  98:../../tmk_core/common/mousekey.c **** {
  99:../../tmk_core/common/mousekey.c ****     if (timer_elapsed(last_timer) < (mousekey_repeat ? mk_interval : mk_delay*10))
 100:../../tmk_core/common/mousekey.c ****         return;
 101:../../tmk_core/common/mousekey.c **** 
 102:../../tmk_core/common/mousekey.c ****     if (mouse_report.x == 0 && mouse_report.y == 0 && mouse_report.v == 0 && mouse_report.h == 0)
 103:../../tmk_core/common/mousekey.c ****         return;
 104:../../tmk_core/common/mousekey.c **** 
 105:../../tmk_core/common/mousekey.c ****     if (mousekey_repeat != UINT8_MAX)
 106:../../tmk_core/common/mousekey.c ****         mousekey_repeat++;
 107:../../tmk_core/common/mousekey.c **** 
 108:../../tmk_core/common/mousekey.c **** 
 109:../../tmk_core/common/mousekey.c ****     if (mouse_report.x > 0) mouse_report.x = move_unit();
 110:../../tmk_core/common/mousekey.c ****     if (mouse_report.x < 0) mouse_report.x = move_unit() * -1;
 111:../../tmk_core/common/mousekey.c ****     if (mouse_report.y > 0) mouse_report.y = move_unit();
 112:../../tmk_core/common/mousekey.c ****     if (mouse_report.y < 0) mouse_report.y = move_unit() * -1;
 113:../../tmk_core/common/mousekey.c **** 
 114:../../tmk_core/common/mousekey.c ****     /* diagonal move [1/sqrt(2) = 0.7] */
 115:../../tmk_core/common/mousekey.c ****     if (mouse_report.x && mouse_report.y) {
 116:../../tmk_core/common/mousekey.c ****         mouse_report.x *= 0.7;
 117:../../tmk_core/common/mousekey.c ****         mouse_report.y *= 0.7;
 118:../../tmk_core/common/mousekey.c ****     }
 119:../../tmk_core/common/mousekey.c **** 
 120:../../tmk_core/common/mousekey.c ****     if (mouse_report.v > 0) mouse_report.v = wheel_unit();
 121:../../tmk_core/common/mousekey.c ****     if (mouse_report.v < 0) mouse_report.v = wheel_unit() * -1;
 122:../../tmk_core/common/mousekey.c ****     if (mouse_report.h > 0) mouse_report.h = wheel_unit();
 123:../../tmk_core/common/mousekey.c ****     if (mouse_report.h < 0) mouse_report.h = wheel_unit() * -1;
 124:../../tmk_core/common/mousekey.c **** 
 125:../../tmk_core/common/mousekey.c ****     mousekey_send();
 126:../../tmk_core/common/mousekey.c **** }
 127:../../tmk_core/common/mousekey.c **** 
 128:../../tmk_core/common/mousekey.c **** void mousekey_on(uint8_t code)
 129:../../tmk_core/common/mousekey.c **** {
 221               		.loc 1 129 0
 222               		.cfi_startproc
 223               	.LVL19:
 224               	/* prologue: function */
 225               	/* frame size = 0 */
 226               	/* stack size = 0 */
 227               	.L__stack_usage = 0
 130:../../tmk_core/common/mousekey.c ****     if      (code == KC_MS_UP)       mouse_report.y = move_unit() * -1;
 228               		.loc 1 130 0
 229 0000 803F      		cpi r24,lo8(-16)
 230 0002 01F4      		brne .L28
 231               		.loc 1 130 0 is_stmt 0 discriminator 1
 232 0004 0E94 0000 		call move_unit
 233               	.LVL20:
 234 0008 8195      		neg r24
 235 000a 00C0      		rjmp .L44
 236               	.LVL21:
 237               	.L28:
 131:../../tmk_core/common/mousekey.c ****     else if (code == KC_MS_DOWN)     mouse_report.y = move_unit();
 238               		.loc 1 131 0 is_stmt 1
 239 000c 813F      		cpi r24,lo8(-15)
 240 000e 01F4      		brne .L30
 241               		.loc 1 131 0 is_stmt 0 discriminator 1
 242 0010 0E94 0000 		call move_unit
 243               	.LVL22:
 244               	.L44:
 245 0014 8093 0000 		sts mouse_report+2,r24
 246 0018 0895      		ret
 247               	.LVL23:
 248               	.L30:
 132:../../tmk_core/common/mousekey.c ****     else if (code == KC_MS_LEFT)     mouse_report.x = move_unit() * -1;
 249               		.loc 1 132 0 is_stmt 1
 250 001a 823F      		cpi r24,lo8(-14)
 251 001c 01F4      		brne .L31
 252               		.loc 1 132 0 is_stmt 0 discriminator 1
 253 001e 0E94 0000 		call move_unit
 254               	.LVL24:
 255 0022 8195      		neg r24
 256 0024 00C0      		rjmp .L46
 257               	.LVL25:
 258               	.L31:
 133:../../tmk_core/common/mousekey.c ****     else if (code == KC_MS_RIGHT)    mouse_report.x = move_unit();
 259               		.loc 1 133 0 is_stmt 1
 260 0026 833F      		cpi r24,lo8(-13)
 261 0028 01F4      		brne .L32
 262               		.loc 1 133 0 is_stmt 0 discriminator 1
 263 002a 0E94 0000 		call move_unit
 264               	.LVL26:
 265               	.L46:
 266 002e 8093 0000 		sts mouse_report+1,r24
 267 0032 0895      		ret
 268               	.LVL27:
 269               	.L32:
 134:../../tmk_core/common/mousekey.c ****     else if (code == KC_MS_WH_UP)    mouse_report.v = wheel_unit();
 270               		.loc 1 134 0 is_stmt 1
 271 0034 893F      		cpi r24,lo8(-7)
 272 0036 01F4      		brne .L33
 273               		.loc 1 134 0 is_stmt 0 discriminator 1
 274 0038 0E94 0000 		call wheel_unit
 275               	.LVL28:
 276 003c 00C0      		rjmp .L48
 277               	.LVL29:
 278               	.L33:
 135:../../tmk_core/common/mousekey.c ****     else if (code == KC_MS_WH_DOWN)  mouse_report.v = wheel_unit() * -1;
 279               		.loc 1 135 0 is_stmt 1
 280 003e 8A3F      		cpi r24,lo8(-6)
 281 0040 01F4      		brne .L34
 282               		.loc 1 135 0 is_stmt 0 discriminator 1
 283 0042 0E94 0000 		call wheel_unit
 284               	.LVL30:
 285 0046 8195      		neg r24
 286               	.L48:
 287 0048 8093 0000 		sts mouse_report+3,r24
 288 004c 0895      		ret
 289               	.LVL31:
 290               	.L34:
 136:../../tmk_core/common/mousekey.c ****     else if (code == KC_MS_WH_LEFT)  mouse_report.h = wheel_unit() * -1;
 291               		.loc 1 136 0 is_stmt 1
 292 004e 8B3F      		cpi r24,lo8(-5)
 293 0050 01F4      		brne .L35
 294               		.loc 1 136 0 is_stmt 0 discriminator 1
 295 0052 0E94 0000 		call wheel_unit
 296               	.LVL32:
 297 0056 8195      		neg r24
 298 0058 00C0      		rjmp .L49
 299               	.LVL33:
 300               	.L35:
 137:../../tmk_core/common/mousekey.c ****     else if (code == KC_MS_WH_RIGHT) mouse_report.h = wheel_unit();
 301               		.loc 1 137 0 is_stmt 1
 302 005a 8C3F      		cpi r24,lo8(-4)
 303 005c 01F4      		brne .L36
 304               		.loc 1 137 0 is_stmt 0 discriminator 1
 305 005e 0E94 0000 		call wheel_unit
 306               	.LVL34:
 307               	.L49:
 308 0062 8093 0000 		sts mouse_report+4,r24
 309 0066 0895      		ret
 310               	.LVL35:
 311               	.L36:
 138:../../tmk_core/common/mousekey.c ****     else if (code == KC_MS_BTN1)     mouse_report.buttons |= MOUSE_BTN1;
 312               		.loc 1 138 0 is_stmt 1
 313 0068 843F      		cpi r24,lo8(-12)
 314 006a 01F4      		brne .L37
 315               		.loc 1 138 0 is_stmt 0 discriminator 1
 316 006c 8091 0000 		lds r24,mouse_report
 317               	.LVL36:
 318 0070 8160      		ori r24,lo8(1)
 319 0072 00C0      		rjmp .L47
 320               	.LVL37:
 321               	.L37:
 139:../../tmk_core/common/mousekey.c ****     else if (code == KC_MS_BTN2)     mouse_report.buttons |= MOUSE_BTN2;
 322               		.loc 1 139 0 is_stmt 1
 323 0074 853F      		cpi r24,lo8(-11)
 324 0076 01F4      		brne .L38
 325               		.loc 1 139 0 is_stmt 0 discriminator 1
 326 0078 8091 0000 		lds r24,mouse_report
 327               	.LVL38:
 328 007c 8260      		ori r24,lo8(2)
 329 007e 00C0      		rjmp .L47
 330               	.LVL39:
 331               	.L38:
 140:../../tmk_core/common/mousekey.c ****     else if (code == KC_MS_BTN3)     mouse_report.buttons |= MOUSE_BTN3;
 332               		.loc 1 140 0 is_stmt 1
 333 0080 863F      		cpi r24,lo8(-10)
 334 0082 01F4      		brne .L39
 335               		.loc 1 140 0 is_stmt 0 discriminator 1
 336 0084 8091 0000 		lds r24,mouse_report
 337               	.LVL40:
 338 0088 8460      		ori r24,lo8(4)
 339 008a 00C0      		rjmp .L47
 340               	.LVL41:
 341               	.L39:
 141:../../tmk_core/common/mousekey.c ****     else if (code == KC_MS_BTN4)     mouse_report.buttons |= MOUSE_BTN4;
 342               		.loc 1 141 0 is_stmt 1
 343 008c 873F      		cpi r24,lo8(-9)
 344 008e 01F4      		brne .L40
 345               		.loc 1 141 0 is_stmt 0 discriminator 1
 346 0090 8091 0000 		lds r24,mouse_report
 347               	.LVL42:
 348 0094 8860      		ori r24,lo8(8)
 349 0096 00C0      		rjmp .L47
 350               	.LVL43:
 351               	.L40:
 142:../../tmk_core/common/mousekey.c ****     else if (code == KC_MS_BTN5)     mouse_report.buttons |= MOUSE_BTN5;
 352               		.loc 1 142 0 is_stmt 1
 353 0098 883F      		cpi r24,lo8(-8)
 354 009a 01F4      		brne .L41
 355               		.loc 1 142 0 is_stmt 0 discriminator 1
 356 009c 8091 0000 		lds r24,mouse_report
 357               	.LVL44:
 358 00a0 8061      		ori r24,lo8(16)
 359               	.L47:
 360 00a2 8093 0000 		sts mouse_report,r24
 361 00a6 0895      		ret
 362               	.LVL45:
 363               	.L41:
 143:../../tmk_core/common/mousekey.c ****     else if (code == KC_MS_ACCEL0)   mousekey_accel |= (1<<0);
 364               		.loc 1 143 0 is_stmt 1
 365 00a8 8D3F      		cpi r24,lo8(-3)
 366 00aa 01F4      		brne .L42
 367               		.loc 1 143 0 is_stmt 0 discriminator 1
 368 00ac 8091 0000 		lds r24,mousekey_accel
 369               	.LVL46:
 370 00b0 8160      		ori r24,lo8(1)
 371 00b2 00C0      		rjmp .L45
 372               	.LVL47:
 373               	.L42:
 144:../../tmk_core/common/mousekey.c ****     else if (code == KC_MS_ACCEL1)   mousekey_accel |= (1<<1);
 374               		.loc 1 144 0 is_stmt 1
 375 00b4 8E3F      		cpi r24,lo8(-2)
 376 00b6 01F4      		brne .L43
 377               		.loc 1 144 0 is_stmt 0 discriminator 1
 378 00b8 8091 0000 		lds r24,mousekey_accel
 379               	.LVL48:
 380 00bc 8260      		ori r24,lo8(2)
 381 00be 00C0      		rjmp .L45
 382               	.LVL49:
 383               	.L43:
 145:../../tmk_core/common/mousekey.c ****     else if (code == KC_MS_ACCEL2)   mousekey_accel |= (1<<2);
 384               		.loc 1 145 0 is_stmt 1
 385 00c0 8F3F      		cpi r24,lo8(-1)
 386 00c2 01F4      		brne .L27
 387               		.loc 1 145 0 is_stmt 0 discriminator 1
 388 00c4 8091 0000 		lds r24,mousekey_accel
 389               	.LVL50:
 390 00c8 8460      		ori r24,lo8(4)
 391               	.L45:
 392 00ca 8093 0000 		sts mousekey_accel,r24
 393               	.L27:
 394 00ce 0895      		ret
 395               		.cfi_endproc
 396               	.LFE4:
 398               		.section	.text.mousekey_off,"ax",@progbits
 399               	.global	mousekey_off
 401               	mousekey_off:
 402               	.LFB5:
 146:../../tmk_core/common/mousekey.c **** }
 147:../../tmk_core/common/mousekey.c **** 
 148:../../tmk_core/common/mousekey.c **** void mousekey_off(uint8_t code)
 149:../../tmk_core/common/mousekey.c **** {
 403               		.loc 1 149 0 is_stmt 1
 404               		.cfi_startproc
 405               	.LVL51:
 406               	/* prologue: function */
 407               	/* frame size = 0 */
 408               	/* stack size = 0 */
 409               	.L__stack_usage = 0
 150:../../tmk_core/common/mousekey.c ****     if      (code == KC_MS_UP       && mouse_report.y < 0) mouse_report.y = 0;
 410               		.loc 1 150 0
 411 0000 803F      		cpi r24,lo8(-16)
 412 0002 01F4      		brne .L51
 413               		.loc 1 150 0 is_stmt 0 discriminator 1
 414 0004 8091 0000 		lds r24,mouse_report+2
 415               	.LVL52:
 416 0008 87FF      		sbrs r24,7
 417 000a 00C0      		rjmp .L52
 418               	.L54:
 419               		.loc 1 150 0 discriminator 2
 420 000c 1092 0000 		sts mouse_report+2,__zero_reg__
 421 0010 00C0      		rjmp .L52
 422               	.LVL53:
 423               	.L51:
 151:../../tmk_core/common/mousekey.c ****     else if (code == KC_MS_DOWN     && mouse_report.y > 0) mouse_report.y = 0;
 424               		.loc 1 151 0 is_stmt 1
 425 0012 813F      		cpi r24,lo8(-15)
 426 0014 01F4      		brne .L53
 427               		.loc 1 151 0 is_stmt 0 discriminator 1
 428 0016 8091 0000 		lds r24,mouse_report+2
 429               	.LVL54:
 430 001a 1816      		cp __zero_reg__,r24
 431 001c 04F0      		brlt .L54
 432 001e 00C0      		rjmp .L52
 433               	.LVL55:
 434               	.L53:
 435 0020 9091 0000 		lds r25,mouse_report+1
 152:../../tmk_core/common/mousekey.c ****     else if (code == KC_MS_LEFT     && mouse_report.x < 0) mouse_report.x = 0;
 436               		.loc 1 152 0 is_stmt 1
 437 0024 823F      		cpi r24,lo8(-14)
 438 0026 01F4      		brne .L55
 439               		.loc 1 152 0 is_stmt 0 discriminator 1
 440 0028 97FF      		sbrs r25,7
 441 002a 00C0      		rjmp .L52
 442               	.L57:
 443               		.loc 1 152 0 discriminator 2
 444 002c 1092 0000 		sts mouse_report+1,__zero_reg__
 445 0030 00C0      		rjmp .L52
 446               	.L55:
 153:../../tmk_core/common/mousekey.c ****     else if (code == KC_MS_RIGHT    && mouse_report.x > 0) mouse_report.x = 0;
 447               		.loc 1 153 0 is_stmt 1
 448 0032 833F      		cpi r24,lo8(-13)
 449 0034 01F4      		brne .L56
 450               		.loc 1 153 0 is_stmt 0 discriminator 1
 451 0036 1916      		cp __zero_reg__,r25
 452 0038 04F0      		brlt .L57
 453 003a 00C0      		rjmp .L52
 454               	.L56:
 154:../../tmk_core/common/mousekey.c ****     else if (code == KC_MS_WH_UP    && mouse_report.v > 0) mouse_report.v = 0;
 455               		.loc 1 154 0 is_stmt 1
 456 003c 893F      		cpi r24,lo8(-7)
 457 003e 01F4      		brne .L58
 458               		.loc 1 154 0 is_stmt 0 discriminator 1
 459 0040 8091 0000 		lds r24,mouse_report+3
 460               	.LVL56:
 461 0044 1816      		cp __zero_reg__,r24
 462 0046 04F0      		brlt .+2
 463 0048 00C0      		rjmp .L52
 464               	.L60:
 465               		.loc 1 154 0 discriminator 2
 466 004a 1092 0000 		sts mouse_report+3,__zero_reg__
 467 004e 00C0      		rjmp .L52
 468               	.LVL57:
 469               	.L58:
 155:../../tmk_core/common/mousekey.c ****     else if (code == KC_MS_WH_DOWN  && mouse_report.v < 0) mouse_report.v = 0;
 470               		.loc 1 155 0 is_stmt 1
 471 0050 8A3F      		cpi r24,lo8(-6)
 472 0052 01F4      		brne .L59
 473               		.loc 1 155 0 is_stmt 0 discriminator 1
 474 0054 8091 0000 		lds r24,mouse_report+3
 475               	.LVL58:
 476 0058 87FF      		sbrs r24,7
 477 005a 00C0      		rjmp .L52
 478 005c 00C0      		rjmp .L60
 479               	.LVL59:
 480               	.L59:
 156:../../tmk_core/common/mousekey.c ****     else if (code == KC_MS_WH_LEFT  && mouse_report.h < 0) mouse_report.h = 0;
 481               		.loc 1 156 0 is_stmt 1
 482 005e 8B3F      		cpi r24,lo8(-5)
 483 0060 01F4      		brne .L61
 484               		.loc 1 156 0 is_stmt 0 discriminator 1
 485 0062 8091 0000 		lds r24,mouse_report+4
 486               	.LVL60:
 487 0066 87FF      		sbrs r24,7
 488 0068 00C0      		rjmp .L52
 489               	.L63:
 490               		.loc 1 156 0 discriminator 2
 491 006a 1092 0000 		sts mouse_report+4,__zero_reg__
 492 006e 00C0      		rjmp .L52
 493               	.LVL61:
 494               	.L61:
 157:../../tmk_core/common/mousekey.c ****     else if (code == KC_MS_WH_RIGHT && mouse_report.h > 0) mouse_report.h = 0;
 495               		.loc 1 157 0 is_stmt 1
 496 0070 8C3F      		cpi r24,lo8(-4)
 497 0072 01F4      		brne .L62
 498               		.loc 1 157 0 is_stmt 0 discriminator 1
 499 0074 8091 0000 		lds r24,mouse_report+4
 500               	.LVL62:
 501 0078 1816      		cp __zero_reg__,r24
 502 007a 04F0      		brlt .L63
 503 007c 00C0      		rjmp .L52
 504               	.LVL63:
 505               	.L62:
 158:../../tmk_core/common/mousekey.c ****     else if (code == KC_MS_BTN1) mouse_report.buttons &= ~MOUSE_BTN1;
 506               		.loc 1 158 0 is_stmt 1
 507 007e 843F      		cpi r24,lo8(-12)
 508 0080 01F4      		brne .L64
 509               		.loc 1 158 0 is_stmt 0 discriminator 1
 510 0082 8091 0000 		lds r24,mouse_report
 511               	.LVL64:
 512 0086 8E7F      		andi r24,lo8(-2)
 513 0088 00C0      		rjmp .L73
 514               	.LVL65:
 515               	.L64:
 159:../../tmk_core/common/mousekey.c ****     else if (code == KC_MS_BTN2) mouse_report.buttons &= ~MOUSE_BTN2;
 516               		.loc 1 159 0 is_stmt 1
 517 008a 853F      		cpi r24,lo8(-11)
 518 008c 01F4      		brne .L65
 519               		.loc 1 159 0 is_stmt 0 discriminator 1
 520 008e 8091 0000 		lds r24,mouse_report
 521               	.LVL66:
 522 0092 8D7F      		andi r24,lo8(-3)
 523 0094 00C0      		rjmp .L73
 524               	.LVL67:
 525               	.L65:
 160:../../tmk_core/common/mousekey.c ****     else if (code == KC_MS_BTN3) mouse_report.buttons &= ~MOUSE_BTN3;
 526               		.loc 1 160 0 is_stmt 1
 527 0096 863F      		cpi r24,lo8(-10)
 528 0098 01F4      		brne .L66
 529               		.loc 1 160 0 is_stmt 0 discriminator 1
 530 009a 8091 0000 		lds r24,mouse_report
 531               	.LVL68:
 532 009e 8B7F      		andi r24,lo8(-5)
 533 00a0 00C0      		rjmp .L73
 534               	.LVL69:
 535               	.L66:
 161:../../tmk_core/common/mousekey.c ****     else if (code == KC_MS_BTN4) mouse_report.buttons &= ~MOUSE_BTN4;
 536               		.loc 1 161 0 is_stmt 1
 537 00a2 873F      		cpi r24,lo8(-9)
 538 00a4 01F4      		brne .L67
 539               		.loc 1 161 0 is_stmt 0 discriminator 1
 540 00a6 8091 0000 		lds r24,mouse_report
 541               	.LVL70:
 542 00aa 877F      		andi r24,lo8(-9)
 543 00ac 00C0      		rjmp .L73
 544               	.LVL71:
 545               	.L67:
 162:../../tmk_core/common/mousekey.c ****     else if (code == KC_MS_BTN5) mouse_report.buttons &= ~MOUSE_BTN5;
 546               		.loc 1 162 0 is_stmt 1
 547 00ae 883F      		cpi r24,lo8(-8)
 548 00b0 01F4      		brne .L68
 549               		.loc 1 162 0 is_stmt 0 discriminator 1
 550 00b2 8091 0000 		lds r24,mouse_report
 551               	.LVL72:
 552 00b6 8F7E      		andi r24,lo8(-17)
 553               	.L73:
 554 00b8 8093 0000 		sts mouse_report,r24
 555 00bc 00C0      		rjmp .L52
 556               	.LVL73:
 557               	.L68:
 163:../../tmk_core/common/mousekey.c ****     else if (code == KC_MS_ACCEL0) mousekey_accel &= ~(1<<0);
 558               		.loc 1 163 0 is_stmt 1
 559 00be 8D3F      		cpi r24,lo8(-3)
 560 00c0 01F4      		brne .L69
 561               		.loc 1 163 0 is_stmt 0 discriminator 1
 562 00c2 8091 0000 		lds r24,mousekey_accel
 563               	.LVL74:
 564 00c6 8E7F      		andi r24,lo8(-2)
 565 00c8 00C0      		rjmp .L72
 566               	.LVL75:
 567               	.L69:
 164:../../tmk_core/common/mousekey.c ****     else if (code == KC_MS_ACCEL1) mousekey_accel &= ~(1<<1);
 568               		.loc 1 164 0 is_stmt 1
 569 00ca 8E3F      		cpi r24,lo8(-2)
 570 00cc 01F4      		brne .L70
 571               		.loc 1 164 0 is_stmt 0 discriminator 1
 572 00ce 8091 0000 		lds r24,mousekey_accel
 573               	.LVL76:
 574 00d2 8D7F      		andi r24,lo8(-3)
 575 00d4 00C0      		rjmp .L72
 576               	.LVL77:
 577               	.L70:
 165:../../tmk_core/common/mousekey.c ****     else if (code == KC_MS_ACCEL2) mousekey_accel &= ~(1<<2);
 578               		.loc 1 165 0 is_stmt 1
 579 00d6 8F3F      		cpi r24,lo8(-1)
 580 00d8 01F4      		brne .L52
 581               		.loc 1 165 0 is_stmt 0 discriminator 1
 582 00da 8091 0000 		lds r24,mousekey_accel
 583               	.LVL78:
 584 00de 8B7F      		andi r24,lo8(-5)
 585               	.L72:
 586 00e0 8093 0000 		sts mousekey_accel,r24
 587               	.L52:
 166:../../tmk_core/common/mousekey.c **** 
 167:../../tmk_core/common/mousekey.c ****     if (mouse_report.x == 0 && mouse_report.y == 0 && mouse_report.v == 0 && mouse_report.h == 0)
 588               		.loc 1 167 0 is_stmt 1
 589 00e4 8091 0000 		lds r24,mouse_report+1
 590 00e8 8111      		cpse r24,__zero_reg__
 591 00ea 00C0      		rjmp .L50
 592               		.loc 1 167 0 is_stmt 0 discriminator 1
 593 00ec 8091 0000 		lds r24,mouse_report+2
 594 00f0 8111      		cpse r24,__zero_reg__
 595 00f2 00C0      		rjmp .L50
 596               		.loc 1 167 0 discriminator 2
 597 00f4 8091 0000 		lds r24,mouse_report+3
 598 00f8 8111      		cpse r24,__zero_reg__
 599 00fa 00C0      		rjmp .L50
 600               		.loc 1 167 0 discriminator 3
 601 00fc 8091 0000 		lds r24,mouse_report+4
 602 0100 8111      		cpse r24,__zero_reg__
 603 0102 00C0      		rjmp .L50
 168:../../tmk_core/common/mousekey.c ****         mousekey_repeat = 0;
 604               		.loc 1 168 0 is_stmt 1
 605 0104 1092 0000 		sts mousekey_repeat,__zero_reg__
 606               	.L50:
 607 0108 0895      		ret
 608               		.cfi_endproc
 609               	.LFE5:
 611               		.section	.text.mousekey_send,"ax",@progbits
 612               	.global	mousekey_send
 614               	mousekey_send:
 615               	.LFB6:
 169:../../tmk_core/common/mousekey.c **** }
 170:../../tmk_core/common/mousekey.c **** 
 171:../../tmk_core/common/mousekey.c **** void mousekey_send(void)
 172:../../tmk_core/common/mousekey.c **** {
 616               		.loc 1 172 0
 617               		.cfi_startproc
 618               	/* prologue: function */
 619               	/* frame size = 0 */
 620               	/* stack size = 0 */
 621               	.L__stack_usage = 0
 622               	.LBB19:
 623               	.LBB20:
 173:../../tmk_core/common/mousekey.c ****     mousekey_debug();
 174:../../tmk_core/common/mousekey.c ****     host_mouse_send(&mouse_report);
 175:../../tmk_core/common/mousekey.c ****     last_timer = timer_read();
 176:../../tmk_core/common/mousekey.c **** }
 177:../../tmk_core/common/mousekey.c **** 
 178:../../tmk_core/common/mousekey.c **** void mousekey_clear(void)
 179:../../tmk_core/common/mousekey.c **** {
 180:../../tmk_core/common/mousekey.c ****     mouse_report = (report_mouse_t){};
 181:../../tmk_core/common/mousekey.c ****     mousekey_repeat = 0;
 182:../../tmk_core/common/mousekey.c ****     mousekey_accel = 0;
 183:../../tmk_core/common/mousekey.c **** }
 184:../../tmk_core/common/mousekey.c **** 
 185:../../tmk_core/common/mousekey.c **** static void mousekey_debug(void)
 186:../../tmk_core/common/mousekey.c **** {
 187:../../tmk_core/common/mousekey.c ****     if (!debug_mouse) return;
 624               		.loc 1 187 0
 625 0000 8091 0000 		lds r24,debug_config
 626 0004 83FF      		sbrs r24,3
 627 0006 00C0      		rjmp .L75
 188:../../tmk_core/common/mousekey.c ****     print("mousekey [btn|x y v h](rep/acl): [");
 628               		.loc 1 188 0
 629 0008 80E0      		ldi r24,lo8(__c.2224)
 630 000a 90E0      		ldi r25,hi8(__c.2224)
 631 000c 0E94 0000 		call xputs
 189:../../tmk_core/common/mousekey.c ****     phex(mouse_report.buttons); print("|");
 632               		.loc 1 189 0
 633 0010 8091 0000 		lds r24,mouse_report
 634 0014 1F92      		push __zero_reg__
 635               	.LCFI0:
 636               		.cfi_def_cfa_offset 3
 637 0016 8F93      		push r24
 638               	.LCFI1:
 639               		.cfi_def_cfa_offset 4
 640 0018 80E0      		ldi r24,lo8(__c.2226)
 641 001a 90E0      		ldi r25,hi8(__c.2226)
 642 001c 9F93      		push r25
 643               	.LCFI2:
 644               		.cfi_def_cfa_offset 5
 645 001e 8F93      		push r24
 646               	.LCFI3:
 647               		.cfi_def_cfa_offset 6
 648 0020 0E94 0000 		call __xprintf
 649 0024 80E0      		ldi r24,lo8(__c.2228)
 650 0026 90E0      		ldi r25,hi8(__c.2228)
 651 0028 0E94 0000 		call xputs
 190:../../tmk_core/common/mousekey.c ****     print_decs(mouse_report.x); print(" ");
 652               		.loc 1 190 0
 653 002c 8091 0000 		lds r24,mouse_report+1
 654 0030 282F      		mov r18,r24
 655 0032 082E      		mov __tmp_reg__,r24
 656 0034 000C      		lsl r0
 657 0036 330B      		sbc r19,r19
 658 0038 3F93      		push r19
 659               	.LCFI4:
 660               		.cfi_def_cfa_offset 7
 661 003a 8F93      		push r24
 662               	.LCFI5:
 663               		.cfi_def_cfa_offset 8
 664 003c 80E0      		ldi r24,lo8(__c.2230)
 665 003e 90E0      		ldi r25,hi8(__c.2230)
 666 0040 9F93      		push r25
 667               	.LCFI6:
 668               		.cfi_def_cfa_offset 9
 669 0042 8F93      		push r24
 670               	.LCFI7:
 671               		.cfi_def_cfa_offset 10
 672 0044 0E94 0000 		call __xprintf
 673 0048 80E0      		ldi r24,lo8(__c.2232)
 674 004a 90E0      		ldi r25,hi8(__c.2232)
 675 004c 0E94 0000 		call xputs
 191:../../tmk_core/common/mousekey.c ****     print_decs(mouse_report.y); print(" ");
 676               		.loc 1 191 0
 677 0050 8091 0000 		lds r24,mouse_report+2
 678 0054 282F      		mov r18,r24
 679 0056 082E      		mov __tmp_reg__,r24
 680 0058 000C      		lsl r0
 681 005a 330B      		sbc r19,r19
 682 005c 3F93      		push r19
 683               	.LCFI8:
 684               		.cfi_def_cfa_offset 11
 685 005e 8F93      		push r24
 686               	.LCFI9:
 687               		.cfi_def_cfa_offset 12
 688 0060 80E0      		ldi r24,lo8(__c.2234)
 689 0062 90E0      		ldi r25,hi8(__c.2234)
 690 0064 9F93      		push r25
 691               	.LCFI10:
 692               		.cfi_def_cfa_offset 13
 693 0066 8F93      		push r24
 694               	.LCFI11:
 695               		.cfi_def_cfa_offset 14
 696 0068 0E94 0000 		call __xprintf
 697 006c 80E0      		ldi r24,lo8(__c.2236)
 698 006e 90E0      		ldi r25,hi8(__c.2236)
 699 0070 0E94 0000 		call xputs
 192:../../tmk_core/common/mousekey.c ****     print_decs(mouse_report.v); print(" ");
 700               		.loc 1 192 0
 701 0074 8091 0000 		lds r24,mouse_report+3
 702 0078 282F      		mov r18,r24
 703 007a 082E      		mov __tmp_reg__,r24
 704 007c 000C      		lsl r0
 705 007e 330B      		sbc r19,r19
 706 0080 3F93      		push r19
 707               	.LCFI12:
 708               		.cfi_def_cfa_offset 15
 709 0082 8F93      		push r24
 710               	.LCFI13:
 711               		.cfi_def_cfa_offset 16
 712 0084 80E0      		ldi r24,lo8(__c.2238)
 713 0086 90E0      		ldi r25,hi8(__c.2238)
 714 0088 9F93      		push r25
 715               	.LCFI14:
 716               		.cfi_def_cfa_offset 17
 717 008a 8F93      		push r24
 718               	.LCFI15:
 719               		.cfi_def_cfa_offset 18
 720 008c 0E94 0000 		call __xprintf
 721 0090 80E0      		ldi r24,lo8(__c.2240)
 722 0092 90E0      		ldi r25,hi8(__c.2240)
 723 0094 0E94 0000 		call xputs
 193:../../tmk_core/common/mousekey.c ****     print_decs(mouse_report.h); print("](");
 724               		.loc 1 193 0
 725 0098 8091 0000 		lds r24,mouse_report+4
 726 009c 282F      		mov r18,r24
 727 009e 082E      		mov __tmp_reg__,r24
 728 00a0 000C      		lsl r0
 729 00a2 330B      		sbc r19,r19
 730 00a4 3F93      		push r19
 731               	.LCFI16:
 732               		.cfi_def_cfa_offset 19
 733 00a6 8F93      		push r24
 734               	.LCFI17:
 735               		.cfi_def_cfa_offset 20
 736 00a8 80E0      		ldi r24,lo8(__c.2242)
 737 00aa 90E0      		ldi r25,hi8(__c.2242)
 738 00ac 9F93      		push r25
 739               	.LCFI18:
 740               		.cfi_def_cfa_offset 21
 741 00ae 8F93      		push r24
 742               	.LCFI19:
 743               		.cfi_def_cfa_offset 22
 744 00b0 0E94 0000 		call __xprintf
 745 00b4 80E0      		ldi r24,lo8(__c.2244)
 746 00b6 90E0      		ldi r25,hi8(__c.2244)
 747 00b8 0E94 0000 		call xputs
 194:../../tmk_core/common/mousekey.c ****     print_dec(mousekey_repeat); print("/");
 748               		.loc 1 194 0
 749 00bc 8091 0000 		lds r24,mousekey_repeat
 750 00c0 1F92      		push __zero_reg__
 751               	.LCFI20:
 752               		.cfi_def_cfa_offset 23
 753 00c2 8F93      		push r24
 754               	.LCFI21:
 755               		.cfi_def_cfa_offset 24
 756 00c4 80E0      		ldi r24,lo8(__c.2246)
 757 00c6 90E0      		ldi r25,hi8(__c.2246)
 758 00c8 9F93      		push r25
 759               	.LCFI22:
 760               		.cfi_def_cfa_offset 25
 761 00ca 8F93      		push r24
 762               	.LCFI23:
 763               		.cfi_def_cfa_offset 26
 764 00cc 0E94 0000 		call __xprintf
 765 00d0 80E0      		ldi r24,lo8(__c.2248)
 766 00d2 90E0      		ldi r25,hi8(__c.2248)
 767 00d4 0E94 0000 		call xputs
 195:../../tmk_core/common/mousekey.c ****     print_dec(mousekey_accel); print(")\n");
 768               		.loc 1 195 0
 769 00d8 8091 0000 		lds r24,mousekey_accel
 770 00dc 1F92      		push __zero_reg__
 771               	.LCFI24:
 772               		.cfi_def_cfa_offset 27
 773 00de 8F93      		push r24
 774               	.LCFI25:
 775               		.cfi_def_cfa_offset 28
 776 00e0 80E0      		ldi r24,lo8(__c.2250)
 777 00e2 90E0      		ldi r25,hi8(__c.2250)
 778 00e4 9F93      		push r25
 779               	.LCFI26:
 780               		.cfi_def_cfa_offset 29
 781 00e6 8F93      		push r24
 782               	.LCFI27:
 783               		.cfi_def_cfa_offset 30
 784 00e8 0E94 0000 		call __xprintf
 785 00ec 80E0      		ldi r24,lo8(__c.2252)
 786 00ee 90E0      		ldi r25,hi8(__c.2252)
 787 00f0 0E94 0000 		call xputs
 788 00f4 8DB7      		in r24,__SP_L__
 789 00f6 9EB7      		in r25,__SP_H__
 790 00f8 4C96      		adiw r24,28
 791 00fa 0FB6      		in __tmp_reg__,__SREG__
 792 00fc F894      		cli
 793 00fe 9EBF      		out __SP_H__,r25
 794 0100 0FBE      		out __SREG__,__tmp_reg__
 795 0102 8DBF      		out __SP_L__,r24
 796               	.LCFI28:
 797               		.cfi_def_cfa_offset 2
 798               	.L75:
 799               	.LBE20:
 800               	.LBE19:
 174:../../tmk_core/common/mousekey.c ****     last_timer = timer_read();
 801               		.loc 1 174 0
 802 0104 80E0      		ldi r24,lo8(mouse_report)
 803 0106 90E0      		ldi r25,hi8(mouse_report)
 804 0108 0E94 0000 		call host_mouse_send
 175:../../tmk_core/common/mousekey.c **** }
 805               		.loc 1 175 0
 806 010c 0E94 0000 		call timer_read
 807 0110 9093 0000 		sts last_timer+1,r25
 808 0114 8093 0000 		sts last_timer,r24
 809 0118 0895      		ret
 810               		.cfi_endproc
 811               	.LFE6:
 813               	.global	__floatsisf
 814               	.global	__mulsf3
 815               	.global	__fixsfsi
 816               		.section	.text.mousekey_task,"ax",@progbits
 817               	.global	mousekey_task
 819               	mousekey_task:
 820               	.LFB3:
  98:../../tmk_core/common/mousekey.c ****     if (timer_elapsed(last_timer) < (mousekey_repeat ? mk_interval : mk_delay*10))
 821               		.loc 1 98 0
 822               		.cfi_startproc
 823 0000 1F93      		push r17
 824               	.LCFI29:
 825               		.cfi_def_cfa_offset 3
 826               		.cfi_offset 17, -2
 827 0002 CF93      		push r28
 828               	.LCFI30:
 829               		.cfi_def_cfa_offset 4
 830               		.cfi_offset 28, -3
 831 0004 DF93      		push r29
 832               	.LCFI31:
 833               		.cfi_def_cfa_offset 5
 834               		.cfi_offset 29, -4
 835               	/* prologue: function */
 836               	/* frame size = 0 */
 837               	/* stack size = 3 */
 838               	.L__stack_usage = 3
  99:../../tmk_core/common/mousekey.c ****         return;
 839               		.loc 1 99 0
 840 0006 8091 0000 		lds r24,last_timer
 841 000a 9091 0000 		lds r25,last_timer+1
 842 000e 0E94 0000 		call timer_elapsed
 843               	.LVL79:
 844 0012 FC01      		movw r30,r24
 845 0014 2091 0000 		lds r18,mousekey_repeat
 846 0018 2223      		tst r18
 847 001a 01F0      		breq .L80
  99:../../tmk_core/common/mousekey.c ****         return;
 848               		.loc 1 99 0 is_stmt 0 discriminator 1
 849 001c 8091 0000 		lds r24,mk_interval
 850 0020 90E0      		ldi r25,0
 851 0022 00C0      		rjmp .L81
 852               	.L80:
  99:../../tmk_core/common/mousekey.c ****         return;
 853               		.loc 1 99 0 discriminator 2
 854 0024 8091 0000 		lds r24,mk_delay
 855 0028 90E0      		ldi r25,0
 856 002a 6AE0      		ldi r22,lo8(10)
 857 002c 70E0      		ldi r23,0
 858 002e 0E94 0000 		call __mulhi3
 859               	.L81:
  99:../../tmk_core/common/mousekey.c ****         return;
 860               		.loc 1 99 0 discriminator 4
 861 0032 E817      		cp r30,r24
 862 0034 F907      		cpc r31,r25
 863 0036 00F4      		brsh .+2
 864 0038 00C0      		rjmp .L79
 102:../../tmk_core/common/mousekey.c ****         return;
 865               		.loc 1 102 0 is_stmt 1
 866 003a 8091 0000 		lds r24,mouse_report+1
 867 003e C091 0000 		lds r28,mouse_report+2
 868 0042 D091 0000 		lds r29,mouse_report+3
 869 0046 1091 0000 		lds r17,mouse_report+4
 870 004a 8111      		cpse r24,__zero_reg__
 871 004c 00C0      		rjmp .L83
 102:../../tmk_core/common/mousekey.c ****         return;
 872               		.loc 1 102 0 is_stmt 0 discriminator 1
 873 004e C111      		cpse r28,__zero_reg__
 874 0050 00C0      		rjmp .L84
 102:../../tmk_core/common/mousekey.c ****         return;
 875               		.loc 1 102 0 discriminator 2
 876 0052 D111      		cpse r29,__zero_reg__
 877 0054 00C0      		rjmp .L84
 102:../../tmk_core/common/mousekey.c ****         return;
 878               		.loc 1 102 0 discriminator 3
 879 0056 1111      		cpse r17,__zero_reg__
 880 0058 00C0      		rjmp .L84
 881 005a 00C0      		rjmp .L79
 882               	.L83:
 105:../../tmk_core/common/mousekey.c ****         mousekey_repeat++;
 883               		.loc 1 105 0 is_stmt 1
 884 005c 2F3F      		cpi r18,lo8(-1)
 885 005e 01F0      		breq .L85
 886               	.L95:
 106:../../tmk_core/common/mousekey.c **** 
 887               		.loc 1 106 0
 888 0060 2F5F      		subi r18,lo8(-(1))
 889 0062 2093 0000 		sts mousekey_repeat,r18
 890               	.L85:
 109:../../tmk_core/common/mousekey.c ****     if (mouse_report.x < 0) mouse_report.x = move_unit() * -1;
 891               		.loc 1 109 0
 892 0066 1816      		cp __zero_reg__,r24
 893 0068 04F4      		brge .L86
 109:../../tmk_core/common/mousekey.c ****     if (mouse_report.x < 0) mouse_report.x = move_unit() * -1;
 894               		.loc 1 109 0 is_stmt 0 discriminator 1
 895 006a 0E94 0000 		call move_unit
 896               	.LVL80:
 897 006e 8093 0000 		sts mouse_report+1,r24
 898               	.L86:
 110:../../tmk_core/common/mousekey.c ****     if (mouse_report.y > 0) mouse_report.y = move_unit();
 899               		.loc 1 110 0 is_stmt 1
 900 0072 8091 0000 		lds r24,mouse_report+1
 901 0076 87FF      		sbrs r24,7
 902 0078 00C0      		rjmp .L87
 110:../../tmk_core/common/mousekey.c ****     if (mouse_report.y > 0) mouse_report.y = move_unit();
 903               		.loc 1 110 0 is_stmt 0 discriminator 1
 904 007a 0E94 0000 		call move_unit
 905               	.LVL81:
 906 007e 8195      		neg r24
 907 0080 8093 0000 		sts mouse_report+1,r24
 908               	.L87:
 111:../../tmk_core/common/mousekey.c ****     if (mouse_report.y < 0) mouse_report.y = move_unit() * -1;
 909               		.loc 1 111 0 is_stmt 1
 910 0084 1C16      		cp __zero_reg__,r28
 911 0086 04F4      		brge .L88
 111:../../tmk_core/common/mousekey.c ****     if (mouse_report.y < 0) mouse_report.y = move_unit() * -1;
 912               		.loc 1 111 0 is_stmt 0 discriminator 1
 913 0088 0E94 0000 		call move_unit
 914               	.LVL82:
 915 008c 8093 0000 		sts mouse_report+2,r24
 916               	.L88:
 112:../../tmk_core/common/mousekey.c **** 
 917               		.loc 1 112 0 is_stmt 1
 918 0090 8091 0000 		lds r24,mouse_report+2
 919 0094 87FF      		sbrs r24,7
 920 0096 00C0      		rjmp .L89
 112:../../tmk_core/common/mousekey.c **** 
 921               		.loc 1 112 0 is_stmt 0 discriminator 1
 922 0098 0E94 0000 		call move_unit
 923               	.LVL83:
 924 009c 8195      		neg r24
 925 009e 8093 0000 		sts mouse_report+2,r24
 926               	.L89:
 115:../../tmk_core/common/mousekey.c ****         mouse_report.x *= 0.7;
 927               		.loc 1 115 0 is_stmt 1
 928 00a2 6091 0000 		lds r22,mouse_report+1
 929 00a6 6623      		tst r22
 930 00a8 01F0      		breq .L90
 115:../../tmk_core/common/mousekey.c ****         mouse_report.x *= 0.7;
 931               		.loc 1 115 0 is_stmt 0 discriminator 1
 932 00aa C091 0000 		lds r28,mouse_report+2
 933 00ae CC23      		tst r28
 934 00b0 01F0      		breq .L90
 116:../../tmk_core/common/mousekey.c ****         mouse_report.y *= 0.7;
 935               		.loc 1 116 0 is_stmt 1
 936 00b2 062E      		mov __tmp_reg__,r22
 937 00b4 000C      		lsl r0
 938 00b6 770B      		sbc r23,r23
 939 00b8 880B      		sbc r24,r24
 940 00ba 990B      		sbc r25,r25
 941 00bc 0E94 0000 		call __floatsisf
 942               	.LVL84:
 943 00c0 23E3      		ldi r18,lo8(51)
 944 00c2 33E3      		ldi r19,lo8(51)
 945 00c4 43E3      		ldi r20,lo8(51)
 946 00c6 5FE3      		ldi r21,lo8(63)
 947 00c8 0E94 0000 		call __mulsf3
 948               	.LVL85:
 949 00cc 0E94 0000 		call __fixsfsi
 950               	.LVL86:
 951 00d0 6093 0000 		sts mouse_report+1,r22
 117:../../tmk_core/common/mousekey.c ****     }
 952               		.loc 1 117 0
 953 00d4 6C2F      		mov r22,r28
 954 00d6 CC0F      		lsl r28
 955 00d8 770B      		sbc r23,r23
 956 00da 880B      		sbc r24,r24
 957 00dc 990B      		sbc r25,r25
 958 00de 0E94 0000 		call __floatsisf
 959               	.LVL87:
 960 00e2 23E3      		ldi r18,lo8(51)
 961 00e4 33E3      		ldi r19,lo8(51)
 962 00e6 43E3      		ldi r20,lo8(51)
 963 00e8 5FE3      		ldi r21,lo8(63)
 964 00ea 0E94 0000 		call __mulsf3
 965               	.LVL88:
 966 00ee 0E94 0000 		call __fixsfsi
 967               	.LVL89:
 968 00f2 6093 0000 		sts mouse_report+2,r22
 969               	.L90:
 120:../../tmk_core/common/mousekey.c ****     if (mouse_report.v < 0) mouse_report.v = wheel_unit() * -1;
 970               		.loc 1 120 0
 971 00f6 1D16      		cp __zero_reg__,r29
 972 00f8 04F4      		brge .L91
 120:../../tmk_core/common/mousekey.c ****     if (mouse_report.v < 0) mouse_report.v = wheel_unit() * -1;
 973               		.loc 1 120 0 is_stmt 0 discriminator 1
 974 00fa 0E94 0000 		call wheel_unit
 975               	.LVL90:
 976 00fe 8093 0000 		sts mouse_report+3,r24
 977               	.L91:
 121:../../tmk_core/common/mousekey.c ****     if (mouse_report.h > 0) mouse_report.h = wheel_unit();
 978               		.loc 1 121 0 is_stmt 1
 979 0102 8091 0000 		lds r24,mouse_report+3
 980 0106 87FF      		sbrs r24,7
 981 0108 00C0      		rjmp .L92
 121:../../tmk_core/common/mousekey.c ****     if (mouse_report.h > 0) mouse_report.h = wheel_unit();
 982               		.loc 1 121 0 is_stmt 0 discriminator 1
 983 010a 0E94 0000 		call wheel_unit
 984               	.LVL91:
 985 010e 8195      		neg r24
 986 0110 8093 0000 		sts mouse_report+3,r24
 987               	.L92:
 122:../../tmk_core/common/mousekey.c ****     if (mouse_report.h < 0) mouse_report.h = wheel_unit() * -1;
 988               		.loc 1 122 0 is_stmt 1
 989 0114 1116      		cp __zero_reg__,r17
 990 0116 04F4      		brge .L93
 122:../../tmk_core/common/mousekey.c ****     if (mouse_report.h < 0) mouse_report.h = wheel_unit() * -1;
 991               		.loc 1 122 0 is_stmt 0 discriminator 1
 992 0118 0E94 0000 		call wheel_unit
 993               	.LVL92:
 994 011c 8093 0000 		sts mouse_report+4,r24
 995               	.L93:
 123:../../tmk_core/common/mousekey.c **** 
 996               		.loc 1 123 0 is_stmt 1
 997 0120 8091 0000 		lds r24,mouse_report+4
 998 0124 87FF      		sbrs r24,7
 999 0126 00C0      		rjmp .L94
 123:../../tmk_core/common/mousekey.c **** 
 1000               		.loc 1 123 0 is_stmt 0 discriminator 1
 1001 0128 0E94 0000 		call wheel_unit
 1002               	.LVL93:
 1003 012c 8195      		neg r24
 1004 012e 8093 0000 		sts mouse_report+4,r24
 1005               	.L94:
 1006               	/* epilogue start */
 126:../../tmk_core/common/mousekey.c **** 
 1007               		.loc 1 126 0 is_stmt 1
 1008 0132 DF91      		pop r29
 1009 0134 CF91      		pop r28
 1010 0136 1F91      		pop r17
 125:../../tmk_core/common/mousekey.c **** }
 1011               		.loc 1 125 0
 1012 0138 0C94 0000 		jmp mousekey_send
 1013               	.LVL94:
 1014               	.L84:
 105:../../tmk_core/common/mousekey.c ****         mousekey_repeat++;
 1015               		.loc 1 105 0
 1016 013c 2F3F      		cpi r18,lo8(-1)
 1017 013e 01F0      		breq .+2
 1018 0140 00C0      		rjmp .L95
 1019 0142 00C0      		rjmp .L87
 1020               	.L79:
 1021               	/* epilogue start */
 126:../../tmk_core/common/mousekey.c **** 
 1022               		.loc 1 126 0
 1023 0144 DF91      		pop r29
 1024 0146 CF91      		pop r28
 1025 0148 1F91      		pop r17
 1026 014a 0895      		ret
 1027               		.cfi_endproc
 1028               	.LFE3:
 1030               		.section	.text.mousekey_clear,"ax",@progbits
 1031               	.global	mousekey_clear
 1033               	mousekey_clear:
 1034               	.LFB7:
 179:../../tmk_core/common/mousekey.c ****     mouse_report = (report_mouse_t){};
 1035               		.loc 1 179 0
 1036               		.cfi_startproc
 1037               	/* prologue: function */
 1038               	/* frame size = 0 */
 1039               	/* stack size = 0 */
 1040               	.L__stack_usage = 0
 180:../../tmk_core/common/mousekey.c ****     mousekey_repeat = 0;
 1041               		.loc 1 180 0
 1042 0000 E0E0      		ldi r30,lo8(mouse_report)
 1043 0002 F0E0      		ldi r31,hi8(mouse_report)
 1044 0004 85E0      		ldi r24,lo8(5)
 1045 0006 DF01      		movw r26,r30
 1046               		0:
 1047 0008 1D92      		st X+,__zero_reg__
 1048 000a 8A95      		dec r24
 1049 000c 01F4      		brne 0b
 181:../../tmk_core/common/mousekey.c ****     mousekey_accel = 0;
 1050               		.loc 1 181 0
 1051 000e 1092 0000 		sts mousekey_repeat,__zero_reg__
 182:../../tmk_core/common/mousekey.c **** }
 1052               		.loc 1 182 0
 1053 0012 1092 0000 		sts mousekey_accel,__zero_reg__
 1054 0016 0895      		ret
 1055               		.cfi_endproc
 1056               	.LFE7:
 1058               		.section	.progmem.data.__c.2252,"a",@progbits
 1061               	__c.2252:
 1062 0000 290A 00   		.string	")\n"
 1063               		.section	.progmem.data.__c.2250,"a",@progbits
 1066               	__c.2250:
 1067 0000 2575 00   		.string	"%u"
 1068               		.section	.progmem.data.__c.2248,"a",@progbits
 1071               	__c.2248:
 1072 0000 2F00      		.string	"/"
 1073               		.section	.progmem.data.__c.2246,"a",@progbits
 1076               	__c.2246:
 1077 0000 2575 00   		.string	"%u"
 1078               		.section	.progmem.data.__c.2244,"a",@progbits
 1081               	__c.2244:
 1082 0000 5D28 00   		.string	"]("
 1083               		.section	.progmem.data.__c.2242,"a",@progbits
 1086               	__c.2242:
 1087 0000 2564 00   		.string	"%d"
 1088               		.section	.progmem.data.__c.2240,"a",@progbits
 1091               	__c.2240:
 1092 0000 2000      		.string	" "
 1093               		.section	.progmem.data.__c.2238,"a",@progbits
 1096               	__c.2238:
 1097 0000 2564 00   		.string	"%d"
 1098               		.section	.progmem.data.__c.2236,"a",@progbits
 1101               	__c.2236:
 1102 0000 2000      		.string	" "
 1103               		.section	.progmem.data.__c.2234,"a",@progbits
 1106               	__c.2234:
 1107 0000 2564 00   		.string	"%d"
 1108               		.section	.progmem.data.__c.2232,"a",@progbits
 1111               	__c.2232:
 1112 0000 2000      		.string	" "
 1113               		.section	.progmem.data.__c.2230,"a",@progbits
 1116               	__c.2230:
 1117 0000 2564 00   		.string	"%d"
 1118               		.section	.progmem.data.__c.2228,"a",@progbits
 1121               	__c.2228:
 1122 0000 7C00      		.string	"|"
 1123               		.section	.progmem.data.__c.2226,"a",@progbits
 1126               	__c.2226:
 1127 0000 2530 3258 		.string	"%02X"
 1127      00
 1128               		.section	.progmem.data.__c.2224,"a",@progbits
 1131               	__c.2224:
 1132 0000 6D6F 7573 		.string	"mousekey [btn|x y v h](rep/acl): ["
 1132      656B 6579 
 1132      205B 6274 
 1132      6E7C 7820 
 1132      7920 7620 
 1133               		.section	.bss.last_timer,"aw",@nobits
 1136               	last_timer:
 1137 0000 0000      		.zero	2
 1138               	.global	mk_wheel_time_to_max
 1139               		.section	.data.mk_wheel_time_to_max,"aw",@progbits
 1142               	mk_wheel_time_to_max:
 1143 0000 28        		.byte	40
 1144               	.global	mk_wheel_max_speed
 1145               		.section	.data.mk_wheel_max_speed,"aw",@progbits
 1148               	mk_wheel_max_speed:
 1149 0000 08        		.byte	8
 1150               	.global	mk_time_to_max
 1151               		.section	.data.mk_time_to_max,"aw",@progbits
 1154               	mk_time_to_max:
 1155 0000 14        		.byte	20
 1156               	.global	mk_max_speed
 1157               		.section	.data.mk_max_speed,"aw",@progbits
 1160               	mk_max_speed:
 1161 0000 0A        		.byte	10
 1162               	.global	mk_interval
 1163               		.section	.data.mk_interval,"aw",@progbits
 1166               	mk_interval:
 1167 0000 32        		.byte	50
 1168               	.global	mk_delay
 1169               		.section	.data.mk_delay,"aw",@progbits
 1172               	mk_delay:
 1173 0000 1E        		.byte	30
 1174               		.section	.bss.mousekey_accel,"aw",@nobits
 1177               	mousekey_accel:
 1178 0000 00        		.zero	1
 1179               		.section	.bss.mousekey_repeat,"aw",@nobits
 1182               	mousekey_repeat:
 1183 0000 00        		.zero	1
 1184               		.section	.bss.mouse_report,"aw",@nobits
 1187               	mouse_report:
 1188 0000 0000 0000 		.zero	5
 1188      00
 1189               		.text
 1190               	.Letext0:
 1191               		.file 2 "/usr/lib/avr/include/stdint.h"
 1192               		.file 3 "../../tmk_core/common/report.h"
 1193               		.file 4 "../../tmk_core/common/debug.h"
 1194               		.file 5 "../../tmk_core/common/keycode.h"
 1195               		.file 6 "../../tmk_core/common/timer.h"
DEFINED SYMBOLS
                            *ABS*:0000000000000000 mousekey.c
     /tmp/ccHAhK5E.s:2      *ABS*:000000000000003e __SP_H__
     /tmp/ccHAhK5E.s:3      *ABS*:000000000000003d __SP_L__
     /tmp/ccHAhK5E.s:4      *ABS*:000000000000003f __SREG__
     /tmp/ccHAhK5E.s:5      *ABS*:0000000000000000 __tmp_reg__
     /tmp/ccHAhK5E.s:6      *ABS*:0000000000000001 __zero_reg__
     /tmp/ccHAhK5E.s:12     .text.move_unit:0000000000000000 move_unit
     /tmp/ccHAhK5E.s:1177   .bss.mousekey_accel:0000000000000000 mousekey_accel
     /tmp/ccHAhK5E.s:1160   .data.mk_max_speed:0000000000000000 mk_max_speed
     /tmp/ccHAhK5E.s:1182   .bss.mousekey_repeat:0000000000000000 mousekey_repeat
     /tmp/ccHAhK5E.s:1154   .data.mk_time_to_max:0000000000000000 mk_time_to_max
     /tmp/ccHAhK5E.s:121    .text.wheel_unit:0000000000000000 wheel_unit
     /tmp/ccHAhK5E.s:1148   .data.mk_wheel_max_speed:0000000000000000 mk_wheel_max_speed
     /tmp/ccHAhK5E.s:1142   .data.mk_wheel_time_to_max:0000000000000000 mk_wheel_time_to_max
     /tmp/ccHAhK5E.s:219    .text.mousekey_on:0000000000000000 mousekey_on
     /tmp/ccHAhK5E.s:1187   .bss.mouse_report:0000000000000000 mouse_report
     /tmp/ccHAhK5E.s:401    .text.mousekey_off:0000000000000000 mousekey_off
     /tmp/ccHAhK5E.s:614    .text.mousekey_send:0000000000000000 mousekey_send
     /tmp/ccHAhK5E.s:1131   .progmem.data.__c.2224:0000000000000000 __c.2224
     /tmp/ccHAhK5E.s:1126   .progmem.data.__c.2226:0000000000000000 __c.2226
     /tmp/ccHAhK5E.s:1121   .progmem.data.__c.2228:0000000000000000 __c.2228
     /tmp/ccHAhK5E.s:1116   .progmem.data.__c.2230:0000000000000000 __c.2230
     /tmp/ccHAhK5E.s:1111   .progmem.data.__c.2232:0000000000000000 __c.2232
     /tmp/ccHAhK5E.s:1106   .progmem.data.__c.2234:0000000000000000 __c.2234
     /tmp/ccHAhK5E.s:1101   .progmem.data.__c.2236:0000000000000000 __c.2236
     /tmp/ccHAhK5E.s:1096   .progmem.data.__c.2238:0000000000000000 __c.2238
     /tmp/ccHAhK5E.s:1091   .progmem.data.__c.2240:0000000000000000 __c.2240
     /tmp/ccHAhK5E.s:1086   .progmem.data.__c.2242:0000000000000000 __c.2242
     /tmp/ccHAhK5E.s:1081   .progmem.data.__c.2244:0000000000000000 __c.2244
     /tmp/ccHAhK5E.s:1076   .progmem.data.__c.2246:0000000000000000 __c.2246
     /tmp/ccHAhK5E.s:1071   .progmem.data.__c.2248:0000000000000000 __c.2248
     /tmp/ccHAhK5E.s:1066   .progmem.data.__c.2250:0000000000000000 __c.2250
     /tmp/ccHAhK5E.s:1061   .progmem.data.__c.2252:0000000000000000 __c.2252
     /tmp/ccHAhK5E.s:1136   .bss.last_timer:0000000000000000 last_timer
     /tmp/ccHAhK5E.s:819    .text.mousekey_task:0000000000000000 mousekey_task
     /tmp/ccHAhK5E.s:1166   .data.mk_interval:0000000000000000 mk_interval
     /tmp/ccHAhK5E.s:1172   .data.mk_delay:0000000000000000 mk_delay
     /tmp/ccHAhK5E.s:1033   .text.mousekey_clear:0000000000000000 mousekey_clear

UNDEFINED SYMBOLS
__mulhi3
__divmodhi4
debug_config
xputs
__xprintf
host_mouse_send
timer_read
__floatsisf
__mulsf3
__fixsfsi
timer_elapsed
__do_copy_data
__do_clear_bss
