   1               		.file	"keyboard.c"
   2               	__SP_H__ = 0x3e
   3               	__SP_L__ = 0x3d
   4               	__SREG__ = 0x3f
   5               	__tmp_reg__ = 0
   6               	__zero_reg__ = 1
   7               		.text
   8               	.Ltext0:
   9               		.cfi_sections	.debug_frame
  10               		.section	.text.keyboard_setup,"ax",@progbits
  11               	.global	keyboard_setup
  13               	keyboard_setup:
  14               	.LFB98:
  15               		.file 1 "../../tmk_core/common/keyboard.c"
   1:../../tmk_core/common/keyboard.c **** /*
   2:../../tmk_core/common/keyboard.c **** Copyright 2011,2012,2013 Jun Wako <wakojun@gmail.com>
   3:../../tmk_core/common/keyboard.c **** 
   4:../../tmk_core/common/keyboard.c **** This program is free software: you can redistribute it and/or modify
   5:../../tmk_core/common/keyboard.c **** it under the terms of the GNU General Public License as published by
   6:../../tmk_core/common/keyboard.c **** the Free Software Foundation, either version 2 of the License, or
   7:../../tmk_core/common/keyboard.c **** (at your option) any later version.
   8:../../tmk_core/common/keyboard.c **** 
   9:../../tmk_core/common/keyboard.c **** This program is distributed in the hope that it will be useful,
  10:../../tmk_core/common/keyboard.c **** but WITHOUT ANY WARRANTY; without even the implied warranty of
  11:../../tmk_core/common/keyboard.c **** MERCHANTABILITY or FITNESS FOR A PARTICULAR PURPOSE.  See the
  12:../../tmk_core/common/keyboard.c **** GNU General Public License for more details.
  13:../../tmk_core/common/keyboard.c **** 
  14:../../tmk_core/common/keyboard.c **** You should have received a copy of the GNU General Public License
  15:../../tmk_core/common/keyboard.c **** along with this program.  If not, see <http://www.gnu.org/licenses/>.
  16:../../tmk_core/common/keyboard.c **** */
  17:../../tmk_core/common/keyboard.c **** #include <stdint.h>
  18:../../tmk_core/common/keyboard.c **** #include "keyboard.h"
  19:../../tmk_core/common/keyboard.c **** #include "matrix.h"
  20:../../tmk_core/common/keyboard.c **** #include "keymap.h"
  21:../../tmk_core/common/keyboard.c **** #include "host.h"
  22:../../tmk_core/common/keyboard.c **** #include "led.h"
  23:../../tmk_core/common/keyboard.c **** #include "keycode.h"
  24:../../tmk_core/common/keyboard.c **** #include "timer.h"
  25:../../tmk_core/common/keyboard.c **** #include "print.h"
  26:../../tmk_core/common/keyboard.c **** #include "debug.h"
  27:../../tmk_core/common/keyboard.c **** #include "command.h"
  28:../../tmk_core/common/keyboard.c **** #include "util.h"
  29:../../tmk_core/common/keyboard.c **** #include "sendchar.h"
  30:../../tmk_core/common/keyboard.c **** #include "bootmagic.h"
  31:../../tmk_core/common/keyboard.c **** #include "eeconfig.h"
  32:../../tmk_core/common/keyboard.c **** #include "backlight.h"
  33:../../tmk_core/common/keyboard.c **** #include "hook.h"
  34:../../tmk_core/common/keyboard.c **** #ifdef MOUSEKEY_ENABLE
  35:../../tmk_core/common/keyboard.c **** #   include "mousekey.h"
  36:../../tmk_core/common/keyboard.c **** #endif
  37:../../tmk_core/common/keyboard.c **** #ifdef PS2_MOUSE_ENABLE
  38:../../tmk_core/common/keyboard.c **** #   include "ps2_mouse.h"
  39:../../tmk_core/common/keyboard.c **** #endif
  40:../../tmk_core/common/keyboard.c **** #ifdef SERIAL_MOUSE_ENABLE
  41:../../tmk_core/common/keyboard.c **** #include "serial_mouse.h"
  42:../../tmk_core/common/keyboard.c **** #endif
  43:../../tmk_core/common/keyboard.c **** #ifdef ADB_MOUSE_ENABLE
  44:../../tmk_core/common/keyboard.c **** #include "adb.h"
  45:../../tmk_core/common/keyboard.c **** #endif
  46:../../tmk_core/common/keyboard.c **** 
  47:../../tmk_core/common/keyboard.c **** 
  48:../../tmk_core/common/keyboard.c **** #ifdef MATRIX_HAS_GHOST
  49:../../tmk_core/common/keyboard.c **** static bool has_ghost_in_row(uint8_t row)
  50:../../tmk_core/common/keyboard.c **** {
  51:../../tmk_core/common/keyboard.c ****     matrix_row_t matrix_row = matrix_get_row(row);
  52:../../tmk_core/common/keyboard.c ****     // No ghost exists when less than 2 keys are down on the row
  53:../../tmk_core/common/keyboard.c ****     if (((matrix_row - 1) & matrix_row) == 0)
  54:../../tmk_core/common/keyboard.c ****         return false;
  55:../../tmk_core/common/keyboard.c **** 
  56:../../tmk_core/common/keyboard.c ****     // Ghost occurs when the row shares column line with other row
  57:../../tmk_core/common/keyboard.c ****     for (uint8_t i=0; i < MATRIX_ROWS; i++) {
  58:../../tmk_core/common/keyboard.c ****         if (i != row && (matrix_get_row(i) & matrix_row))
  59:../../tmk_core/common/keyboard.c ****             return true;
  60:../../tmk_core/common/keyboard.c ****     }
  61:../../tmk_core/common/keyboard.c ****     return false;
  62:../../tmk_core/common/keyboard.c **** }
  63:../../tmk_core/common/keyboard.c **** #endif
  64:../../tmk_core/common/keyboard.c **** 
  65:../../tmk_core/common/keyboard.c **** 
  66:../../tmk_core/common/keyboard.c **** void keyboard_setup(void)
  67:../../tmk_core/common/keyboard.c **** {
  16               		.loc 1 67 0
  17               		.cfi_startproc
  18               	/* prologue: function */
  19               	/* frame size = 0 */
  20               	/* stack size = 0 */
  21               	.L__stack_usage = 0
  68:../../tmk_core/common/keyboard.c ****     matrix_setup();
  22               		.loc 1 68 0
  23 0000 0C94 0000 		jmp matrix_setup
  24               	.LVL0:
  25               		.cfi_endproc
  26               	.LFE98:
  28               		.section	.text.keyboard_init,"ax",@progbits
  29               	.global	keyboard_init
  31               	keyboard_init:
  32               	.LFB99:
  69:../../tmk_core/common/keyboard.c **** }
  70:../../tmk_core/common/keyboard.c **** 
  71:../../tmk_core/common/keyboard.c **** void keyboard_init(void)
  72:../../tmk_core/common/keyboard.c **** {
  33               		.loc 1 72 0
  34               		.cfi_startproc
  35               	/* prologue: function */
  36               	/* frame size = 0 */
  37               	/* stack size = 0 */
  38               	.L__stack_usage = 0
  73:../../tmk_core/common/keyboard.c ****     timer_init();
  39               		.loc 1 73 0
  40 0000 0E94 0000 		call timer_init
  41               	.LVL1:
  74:../../tmk_core/common/keyboard.c ****     matrix_init();
  42               		.loc 1 74 0
  43 0004 0E94 0000 		call matrix_init
  44               	.LVL2:
  75:../../tmk_core/common/keyboard.c **** #ifdef PS2_MOUSE_ENABLE
  76:../../tmk_core/common/keyboard.c ****     ps2_mouse_init();
  77:../../tmk_core/common/keyboard.c **** #endif
  78:../../tmk_core/common/keyboard.c **** #ifdef SERIAL_MOUSE_ENABLE
  79:../../tmk_core/common/keyboard.c ****     serial_mouse_init();
  80:../../tmk_core/common/keyboard.c **** #endif
  81:../../tmk_core/common/keyboard.c **** #ifdef ADB_MOUSE_ENABLE
  82:../../tmk_core/common/keyboard.c ****     adb_mouse_init();
  83:../../tmk_core/common/keyboard.c **** #endif
  84:../../tmk_core/common/keyboard.c **** 
  85:../../tmk_core/common/keyboard.c **** 
  86:../../tmk_core/common/keyboard.c **** #ifdef BOOTMAGIC_ENABLE
  87:../../tmk_core/common/keyboard.c ****     bootmagic();
  45               		.loc 1 87 0
  46 0008 0E94 0000 		call bootmagic
  47               	.LVL3:
  88:../../tmk_core/common/keyboard.c **** #endif
  89:../../tmk_core/common/keyboard.c **** 
  90:../../tmk_core/common/keyboard.c **** #ifdef BACKLIGHT_ENABLE
  91:../../tmk_core/common/keyboard.c ****     backlight_init();
  48               		.loc 1 91 0
  49 000c 0C94 0000 		jmp backlight_init
  50               	.LVL4:
  51               		.cfi_endproc
  52               	.LFE99:
  54               		.section	.text.keyboard_task,"ax",@progbits
  55               	.global	keyboard_task
  57               	keyboard_task:
  58               	.LFB100:
  92:../../tmk_core/common/keyboard.c **** #endif
  93:../../tmk_core/common/keyboard.c **** }
  94:../../tmk_core/common/keyboard.c **** 
  95:../../tmk_core/common/keyboard.c **** /*
  96:../../tmk_core/common/keyboard.c ****  * Do keyboard routine jobs: scan matrix, light LEDs, ...
  97:../../tmk_core/common/keyboard.c ****  * This is repeatedly called as fast as possible.
  98:../../tmk_core/common/keyboard.c ****  */
  99:../../tmk_core/common/keyboard.c **** void keyboard_task(void)
 100:../../tmk_core/common/keyboard.c **** {
  59               		.loc 1 100 0
  60               		.cfi_startproc
  61 0000 BF92      		push r11
  62               	.LCFI0:
  63               		.cfi_def_cfa_offset 3
  64               		.cfi_offset 11, -2
  65 0002 CF92      		push r12
  66               	.LCFI1:
  67               		.cfi_def_cfa_offset 4
  68               		.cfi_offset 12, -3
  69 0004 DF92      		push r13
  70               	.LCFI2:
  71               		.cfi_def_cfa_offset 5
  72               		.cfi_offset 13, -4
  73 0006 EF92      		push r14
  74               	.LCFI3:
  75               		.cfi_def_cfa_offset 6
  76               		.cfi_offset 14, -5
  77 0008 FF92      		push r15
  78               	.LCFI4:
  79               		.cfi_def_cfa_offset 7
  80               		.cfi_offset 15, -6
  81 000a 0F93      		push r16
  82               	.LCFI5:
  83               		.cfi_def_cfa_offset 8
  84               		.cfi_offset 16, -7
  85 000c 1F93      		push r17
  86               	.LCFI6:
  87               		.cfi_def_cfa_offset 9
  88               		.cfi_offset 17, -8
  89 000e CF93      		push r28
  90               	.LCFI7:
  91               		.cfi_def_cfa_offset 10
  92               		.cfi_offset 28, -9
  93 0010 DF93      		push r29
  94               	.LCFI8:
  95               		.cfi_def_cfa_offset 11
  96               		.cfi_offset 29, -10
  97 0012 00D0      		rcall .
  98 0014 00D0      		rcall .
  99 0016 1F92      		push __zero_reg__
 100               	.LCFI9:
 101               		.cfi_def_cfa_offset 16
 102 0018 CDB7      		in r28,__SP_L__
 103 001a DEB7      		in r29,__SP_H__
 104               	.LCFI10:
 105               		.cfi_def_cfa_register 28
 106               	/* prologue: function */
 107               	/* frame size = 5 */
 108               	/* stack size = 14 */
 109               	.L__stack_usage = 14
 110               	.LVL5:
 101:../../tmk_core/common/keyboard.c ****     static matrix_row_t matrix_prev[MATRIX_ROWS];
 102:../../tmk_core/common/keyboard.c **** #ifdef MATRIX_HAS_GHOST
 103:../../tmk_core/common/keyboard.c ****     static matrix_row_t matrix_ghost[MATRIX_ROWS];
 104:../../tmk_core/common/keyboard.c **** #endif
 105:../../tmk_core/common/keyboard.c ****     static uint8_t led_status = 0;
 106:../../tmk_core/common/keyboard.c ****     matrix_row_t matrix_row = 0;
 107:../../tmk_core/common/keyboard.c ****     matrix_row_t matrix_change = 0;
 108:../../tmk_core/common/keyboard.c **** 
 109:../../tmk_core/common/keyboard.c ****     matrix_scan();
 111               		.loc 1 109 0
 112 001c 0E94 0000 		call matrix_scan
 113               	.LVL6:
 114 0020 00E0      		ldi r16,lo8(matrix_prev.4899)
 115 0022 10E0      		ldi r17,hi8(matrix_prev.4899)
 116               	.LBB2:
 110:../../tmk_core/common/keyboard.c ****     for (uint8_t r = 0; r < MATRIX_ROWS; r++) {
 117               		.loc 1 110 0
 118 0024 F12C      		mov r15,__zero_reg__
 119               	.LVL7:
 120               	.L5:
 111:../../tmk_core/common/keyboard.c ****         matrix_row = matrix_get_row(r);
 121               		.loc 1 111 0
 122 0026 8F2D      		mov r24,r15
 123 0028 0E94 0000 		call matrix_get_row
 124               	.LVL8:
 125 002c B82E      		mov r11,r24
 126               	.LVL9:
 112:../../tmk_core/common/keyboard.c ****         matrix_change = matrix_row ^ matrix_prev[r];
 127               		.loc 1 112 0
 128 002e F801      		movw r30,r16
 129 0030 C080      		ld r12,Z
 130 0032 C826      		eor r12,r24
 131               	.LVL10:
 113:../../tmk_core/common/keyboard.c ****         if (matrix_change) {
 132               		.loc 1 113 0
 133 0034 01F4      		brne .L4
 134               	.L11:
 110:../../tmk_core/common/keyboard.c ****         matrix_row = matrix_get_row(r);
 135               		.loc 1 110 0
 136 0036 F394      		inc r15
 137               	.LVL11:
 138 0038 0F5F      		subi r16,-1
 139 003a 1F4F      		sbci r17,-1
 140 003c F4E0      		ldi r31,lo8(4)
 141 003e FF12      		cpse r15,r31
 142 0040 00C0      		rjmp .L5
 143 0042 00C0      		rjmp .L23
 144               	.L4:
 145               	.LBB3:
 114:../../tmk_core/common/keyboard.c **** #ifdef MATRIX_HAS_GHOST
 115:../../tmk_core/common/keyboard.c ****             if (has_ghost_in_row(r)) {
 116:../../tmk_core/common/keyboard.c ****                 /* Keep track of whether ghosted status has changed for
 117:../../tmk_core/common/keyboard.c ****                  * debugging. But don't update matrix_prev until un-ghosted, or
 118:../../tmk_core/common/keyboard.c ****                  * the last key would be lost.
 119:../../tmk_core/common/keyboard.c ****                  */
 120:../../tmk_core/common/keyboard.c ****                 if (debug_matrix && matrix_ghost[r] != matrix_row) {
 121:../../tmk_core/common/keyboard.c ****                     matrix_print();
 122:../../tmk_core/common/keyboard.c ****                 }
 123:../../tmk_core/common/keyboard.c ****                 matrix_ghost[r] = matrix_row;
 124:../../tmk_core/common/keyboard.c ****                 continue;
 125:../../tmk_core/common/keyboard.c ****             }
 126:../../tmk_core/common/keyboard.c ****             matrix_ghost[r] = matrix_row;
 127:../../tmk_core/common/keyboard.c **** #endif
 128:../../tmk_core/common/keyboard.c ****             if (debug_matrix) matrix_print();
 146               		.loc 1 128 0
 147 0044 8091 0000 		lds r24,debug_config
 148 0048 81FD      		sbrc r24,1
 149               		.loc 1 128 0 is_stmt 0 discriminator 1
 150 004a 0E94 0000 		call matrix_print
 151               	.LVL12:
 152               	.L7:
 153               	.LBE3:
 110:../../tmk_core/common/keyboard.c ****         matrix_row = matrix_get_row(r);
 154               		.loc 1 110 0 is_stmt 1 discriminator 1
 155 004e D12C      		mov r13,__zero_reg__
 156 0050 EE24      		clr r14
 157 0052 E394      		inc r14
 158               	.LVL13:
 159               	.L10:
 160               	.LBB6:
 161               	.LBB4:
 129:../../tmk_core/common/keyboard.c ****             matrix_row_t col_mask = 1;
 130:../../tmk_core/common/keyboard.c ****             for (uint8_t c = 0; c < MATRIX_COLS; c++, col_mask <<= 1) {
 131:../../tmk_core/common/keyboard.c ****                 if (matrix_change & col_mask) {
 162               		.loc 1 131 0
 163 0054 8C2D      		mov r24,r12
 164 0056 8E21      		and r24,r14
 165 0058 01F0      		breq .L8
 166               	.LBB5:
 132:../../tmk_core/common/keyboard.c ****                     keyevent_t e = (keyevent_t){
 167               		.loc 1 132 0
 168 005a D982      		std Y+1,r13
 169 005c FA82      		std Y+2,r15
 170 005e 91E0      		ldi r25,lo8(1)
 171 0060 8B2D      		mov r24,r11
 172 0062 8E21      		and r24,r14
 173 0064 01F4      		brne .L9
 174 0066 90E0      		ldi r25,0
 175               	.L9:
 176 0068 9B83      		std Y+3,r25
 133:../../tmk_core/common/keyboard.c ****                         .key = (keypos_t){ .row = r, .col = c },
 134:../../tmk_core/common/keyboard.c ****                         .pressed = (matrix_row & col_mask),
 135:../../tmk_core/common/keyboard.c ****                         .time = (timer_read() | 1) /* time should not be 0 */
 177               		.loc 1 135 0
 178 006a 0E94 0000 		call timer_read
 179               	.LVL14:
 132:../../tmk_core/common/keyboard.c ****                     keyevent_t e = (keyevent_t){
 180               		.loc 1 132 0
 181 006e 8160      		ori r24,1
 182 0070 782F      		mov r23,r24
 183 0072 9D83      		std Y+5,r25
 184 0074 8C83      		std Y+4,r24
 136:../../tmk_core/common/keyboard.c ****                     };
 137:../../tmk_core/common/keyboard.c ****                     action_exec(e);
 185               		.loc 1 137 0
 186 0076 4981      		ldd r20,Y+1
 187 0078 5A81      		ldd r21,Y+2
 188 007a 6B81      		ldd r22,Y+3
 189 007c 8D81      		ldd r24,Y+5
 190 007e 0E94 0000 		call action_exec
 191               	.LVL15:
 138:../../tmk_core/common/keyboard.c ****                     hook_matrix_change(e);
 192               		.loc 1 138 0
 193 0082 4981      		ldd r20,Y+1
 194 0084 5A81      		ldd r21,Y+2
 195 0086 6B81      		ldd r22,Y+3
 196 0088 7C81      		ldd r23,Y+4
 197 008a 8D81      		ldd r24,Y+5
 198 008c 0E94 0000 		call hook_matrix_change
 199               	.LVL16:
 139:../../tmk_core/common/keyboard.c ****                     // record a processed key
 140:../../tmk_core/common/keyboard.c ****                     matrix_prev[r] ^= col_mask;
 200               		.loc 1 140 0
 201 0090 F801      		movw r30,r16
 202 0092 8081      		ld r24,Z
 203 0094 8E25      		eor r24,r14
 204 0096 8083      		st Z,r24
 205               	.L8:
 206               	.LBE5:
 130:../../tmk_core/common/keyboard.c ****                 if (matrix_change & col_mask) {
 207               		.loc 1 130 0 discriminator 2
 208 0098 D394      		inc r13
 209               	.LVL17:
 210 009a EE0C      		lsl r14
 211               	.LVL18:
 212 009c F4E0      		ldi r31,lo8(4)
 213 009e DF12      		cpse r13,r31
 214 00a0 00C0      		rjmp .L10
 215 00a2 00C0      		rjmp .L11
 216               	.LVL19:
 217               	.L23:
 218               	.LBE4:
 219               	.LBE6:
 220               	.LBE2:
 141:../../tmk_core/common/keyboard.c **** 
 142:../../tmk_core/common/keyboard.c ****                     // This can miss stroke when scan matrix takes long like Topre
 143:../../tmk_core/common/keyboard.c ****                     // process a key per task call
 144:../../tmk_core/common/keyboard.c ****                     //goto MATRIX_LOOP_END;
 145:../../tmk_core/common/keyboard.c ****                 }
 146:../../tmk_core/common/keyboard.c ****             }
 147:../../tmk_core/common/keyboard.c ****         }
 148:../../tmk_core/common/keyboard.c ****     }
 149:../../tmk_core/common/keyboard.c ****     // call with pseudo tick event when no real key event.
 150:../../tmk_core/common/keyboard.c ****     action_exec(TICK);
 221               		.loc 1 150 0
 222 00a4 8FEF      		ldi r24,lo8(-1)
 223 00a6 8983      		std Y+1,r24
 224 00a8 8A83      		std Y+2,r24
 225 00aa 1B82      		std Y+3,__zero_reg__
 226 00ac 0E94 0000 		call timer_read
 227               	.LVL20:
 228 00b0 8160      		ori r24,1
 229 00b2 782F      		mov r23,r24
 230 00b4 9D83      		std Y+5,r25
 231 00b6 8C83      		std Y+4,r24
 232 00b8 4981      		ldd r20,Y+1
 233 00ba 5A81      		ldd r21,Y+2
 234 00bc 6B81      		ldd r22,Y+3
 235 00be 8D81      		ldd r24,Y+5
 236 00c0 0E94 0000 		call action_exec
 237               	.LVL21:
 151:../../tmk_core/common/keyboard.c **** 
 152:../../tmk_core/common/keyboard.c **** //MATRIX_LOOP_END:
 153:../../tmk_core/common/keyboard.c **** 
 154:../../tmk_core/common/keyboard.c ****     hook_keyboard_loop();
 238               		.loc 1 154 0
 239 00c4 0E94 0000 		call hook_keyboard_loop
 240               	.LVL22:
 155:../../tmk_core/common/keyboard.c **** 
 156:../../tmk_core/common/keyboard.c **** #ifdef MOUSEKEY_ENABLE
 157:../../tmk_core/common/keyboard.c ****     // mousekey repeat & acceleration
 158:../../tmk_core/common/keyboard.c ****     mousekey_task();
 159:../../tmk_core/common/keyboard.c **** #endif
 160:../../tmk_core/common/keyboard.c **** 
 161:../../tmk_core/common/keyboard.c **** #ifdef PS2_MOUSE_ENABLE
 162:../../tmk_core/common/keyboard.c ****     ps2_mouse_task();
 163:../../tmk_core/common/keyboard.c **** #endif
 164:../../tmk_core/common/keyboard.c **** 
 165:../../tmk_core/common/keyboard.c **** #ifdef SERIAL_MOUSE_ENABLE
 166:../../tmk_core/common/keyboard.c ****         serial_mouse_task();
 167:../../tmk_core/common/keyboard.c **** #endif
 168:../../tmk_core/common/keyboard.c **** 
 169:../../tmk_core/common/keyboard.c **** #ifdef ADB_MOUSE_ENABLE
 170:../../tmk_core/common/keyboard.c ****         adb_mouse_task();
 171:../../tmk_core/common/keyboard.c **** #endif
 172:../../tmk_core/common/keyboard.c **** 
 173:../../tmk_core/common/keyboard.c ****     // update LED
 174:../../tmk_core/common/keyboard.c ****     if (led_status != host_keyboard_leds()) {
 241               		.loc 1 174 0
 242 00c8 0E94 0000 		call host_keyboard_leds
 243               	.LVL23:
 244 00cc 9091 0000 		lds r25,led_status.4900
 245 00d0 8917      		cp r24,r25
 246 00d2 01F0      		breq .L3
 175:../../tmk_core/common/keyboard.c ****         led_status = host_keyboard_leds();
 247               		.loc 1 175 0
 248 00d4 0E94 0000 		call host_keyboard_leds
 249               	.LVL24:
 250 00d8 8093 0000 		sts led_status.4900,r24
 251               	/* epilogue start */
 176:../../tmk_core/common/keyboard.c ****         if (debug_keyboard) dprintf("LED: %02X\n", led_status);
 177:../../tmk_core/common/keyboard.c ****         hook_keyboard_leds_change(led_status);
 178:../../tmk_core/common/keyboard.c ****     }
 179:../../tmk_core/common/keyboard.c **** }
 252               		.loc 1 179 0
 253 00dc 0F90      		pop __tmp_reg__
 254 00de 0F90      		pop __tmp_reg__
 255 00e0 0F90      		pop __tmp_reg__
 256 00e2 0F90      		pop __tmp_reg__
 257 00e4 0F90      		pop __tmp_reg__
 258 00e6 DF91      		pop r29
 259 00e8 CF91      		pop r28
 260 00ea 1F91      		pop r17
 261 00ec 0F91      		pop r16
 262 00ee FF90      		pop r15
 263               	.LVL25:
 264 00f0 EF90      		pop r14
 265 00f2 DF90      		pop r13
 266 00f4 CF90      		pop r12
 267               	.LVL26:
 268 00f6 BF90      		pop r11
 269               	.LVL27:
 177:../../tmk_core/common/keyboard.c ****     }
 270               		.loc 1 177 0
 271 00f8 0C94 0000 		jmp hook_keyboard_leds_change
 272               	.LVL28:
 273               	.L3:
 274               	/* epilogue start */
 275               		.loc 1 179 0
 276 00fc 0F90      		pop __tmp_reg__
 277 00fe 0F90      		pop __tmp_reg__
 278 0100 0F90      		pop __tmp_reg__
 279 0102 0F90      		pop __tmp_reg__
 280 0104 0F90      		pop __tmp_reg__
 281 0106 DF91      		pop r29
 282 0108 CF91      		pop r28
 283 010a 1F91      		pop r17
 284 010c 0F91      		pop r16
 285 010e FF90      		pop r15
 286               	.LVL29:
 287 0110 EF90      		pop r14
 288 0112 DF90      		pop r13
 289 0114 CF90      		pop r12
 290               	.LVL30:
 291 0116 BF90      		pop r11
 292               	.LVL31:
 293 0118 0895      		ret
 294               		.cfi_endproc
 295               	.LFE100:
 297               		.section	.text.keyboard_set_leds,"ax",@progbits
 298               	.global	keyboard_set_leds
 300               	keyboard_set_leds:
 301               	.LFB101:
 180:../../tmk_core/common/keyboard.c **** 
 181:../../tmk_core/common/keyboard.c **** void keyboard_set_leds(uint8_t leds)
 182:../../tmk_core/common/keyboard.c **** {
 302               		.loc 1 182 0
 303               		.cfi_startproc
 304               	.LVL32:
 305               	/* prologue: function */
 306               	/* frame size = 0 */
 307               	/* stack size = 0 */
 308               	.L__stack_usage = 0
 183:../../tmk_core/common/keyboard.c ****     led_set(leds);
 309               		.loc 1 183 0
 310 0000 0C94 0000 		jmp led_set
 311               	.LVL33:
 312               		.cfi_endproc
 313               	.LFE101:
 315               		.section	.bss.led_status.4900,"aw",@nobits
 318               	led_status.4900:
 319 0000 00        		.zero	1
 320               		.section	.bss.matrix_prev.4899,"aw",@nobits
 323               	matrix_prev.4899:
 324 0000 0000 0000 		.zero	4
 325               		.text
 326               	.Letext0:
 327               		.file 2 "/usr/lib/avr/include/stdint.h"
 328               		.file 3 "../../tmk_core/common/keyboard.h"
 329               		.file 4 "../../tmk_core/common/matrix.h"
 330               		.file 5 "../../tmk_core/common/debug.h"
 331               		.file 6 "../../tmk_core/protocol/lufa/LUFA-git/LUFA/Drivers/USB/Core/USBTask.h"
 332               		.file 7 "../../tmk_core/common/timer.h"
 333               		.file 8 "../../tmk_core/common/bootmagic.h"
 334               		.file 9 "../../tmk_core/common/backlight.h"
 335               		.file 10 "../../tmk_core/common/action.h"
 336               		.file 11 "../../tmk_core/common/hook.h"
 337               		.file 12 "../../tmk_core/common/host.h"
 338               		.file 13 "../../tmk_core/common/led.h"
DEFINED SYMBOLS
                            *ABS*:0000000000000000 keyboard.c
     /tmp/ccD36tbm.s:2      *ABS*:000000000000003e __SP_H__
     /tmp/ccD36tbm.s:3      *ABS*:000000000000003d __SP_L__
     /tmp/ccD36tbm.s:4      *ABS*:000000000000003f __SREG__
     /tmp/ccD36tbm.s:5      *ABS*:0000000000000000 __tmp_reg__
     /tmp/ccD36tbm.s:6      *ABS*:0000000000000001 __zero_reg__
     /tmp/ccD36tbm.s:13     .text.keyboard_setup:0000000000000000 keyboard_setup
     /tmp/ccD36tbm.s:31     .text.keyboard_init:0000000000000000 keyboard_init
     /tmp/ccD36tbm.s:57     .text.keyboard_task:0000000000000000 keyboard_task
     /tmp/ccD36tbm.s:323    .bss.matrix_prev.4899:0000000000000000 matrix_prev.4899
     /tmp/ccD36tbm.s:318    .bss.led_status.4900:0000000000000000 led_status.4900
     /tmp/ccD36tbm.s:300    .text.keyboard_set_leds:0000000000000000 keyboard_set_leds

UNDEFINED SYMBOLS
matrix_setup
timer_init
matrix_init
bootmagic
backlight_init
matrix_scan
matrix_get_row
debug_config
matrix_print
timer_read
action_exec
hook_matrix_change
hook_keyboard_loop
host_keyboard_leds
hook_keyboard_leds_change
led_set
__do_clear_bss
