   1               		.file	"keymap.c"
   2               	__SP_H__ = 0x3e
   3               	__SP_L__ = 0x3d
   4               	__SREG__ = 0x3f
   5               	__tmp_reg__ = 0
   6               	__zero_reg__ = 1
   7               		.text
   8               	.Ltext0:
   9               		.cfi_sections	.debug_frame
  10               	.global	fn_actions
  11               		.section	.progmem.data.fn_actions,"a",@progbits
  14               	fn_actions:
  15 0000 0000      		.zero	2
  16 0002 F1A1      		.word	-24079
  17 0004 048A      		.word	-30204
  18               	.global	keymaps
  19               		.section	.progmem.data.keymaps,"a",@progbits
  22               	keymaps:
  23 0000 E4        		.byte	-28
  24 0001 10        		.byte	16
  25 0002 36        		.byte	54
  26 0003 0E        		.byte	14
  27 0004 0F        		.byte	15
  28 0005 12        		.byte	18
  29 0006 27        		.byte	39
  30 0007 2D        		.byte	45
  31 0008 00        		.byte	0
  32 0009 00        		.byte	0
  33 000a 50        		.byte	80
  34 000b 37        		.byte	55
  35 000c 38        		.byte	56
  36 000d 33        		.byte	51
  37 000e 34        		.byte	52
  38 000f 13        		.byte	19
  39 0010 2F        		.byte	47
  40 0011 2E        		.byte	46
  41 0012 00        		.byte	0
  42 0013 00        		.byte	0
  43 0014 51        		.byte	81
  44 0015 E5        		.byte	-27
  45 0016 52        		.byte	82
  46 0017 28        		.byte	40
  47 0018 2A        		.byte	42
  48 0019 30        		.byte	48
  49 001a 31        		.byte	49
  50 001b 49        		.byte	73
  51 001c 00        		.byte	0
  52 001d 00        		.byte	0
  53 001e C2        		.byte	-62
  54 001f E1        		.byte	-31
  55 0020 E0        		.byte	-32
  56 0021 04        		.byte	4
  57 0022 2B        		.byte	43
  58 0023 14        		.byte	20
  59 0024 29        		.byte	41
  60 0025 1E        		.byte	30
  61 0026 00        		.byte	0
  62 0027 00        		.byte	0
  63 0028 E3        		.byte	-29
  64 0029 00        		.byte	0
  65 002a 1D        		.byte	29
  66 002b 16        		.byte	22
  67 002c 1A        		.byte	26
  68 002d 08        		.byte	8
  69 002e 1F        		.byte	31
  70 002f 20        		.byte	32
  71 0030 00        		.byte	0
  72 0031 00        		.byte	0
  73 0032 E2        		.byte	-30
  74 0033 1B        		.byte	27
  75 0034 07        		.byte	7
  76 0035 09        		.byte	9
  77 0036 15        		.byte	21
  78 0037 17        		.byte	23
  79 0038 21        		.byte	33
  80 0039 22        		.byte	34
  81 003a 00        		.byte	0
  82 003b 00        		.byte	0
  83 003c 2C        		.byte	44
  84 003d 06        		.byte	6
  85 003e 19        		.byte	25
  86 003f 0A        		.byte	10
  87 0040 1C        		.byte	28
  88 0041 18        		.byte	24
  89 0042 23        		.byte	35
  90 0043 24        		.byte	36
  91 0044 00        		.byte	0
  92 0045 00        		.byte	0
  93 0046 C1        		.byte	-63
  94 0047 05        		.byte	5
  95 0048 11        		.byte	17
  96 0049 0B        		.byte	11
  97 004a 0D        		.byte	13
  98 004b 0C        		.byte	12
  99 004c 25        		.byte	37
 100 004d 26        		.byte	38
 101 004e 00        		.byte	0
 102 004f 00        		.byte	0
 103 0050 00        		.byte	0
 104 0051 00        		.byte	0
 105 0052 00        		.byte	0
 106 0053 00        		.byte	0
 107 0054 00        		.byte	0
 108 0055 00        		.byte	0
 109 0056 00        		.byte	0
 110 0057 00        		.byte	0
 111 0058 4C        		.byte	76
 112 0059 4F        		.byte	79
 113 005a 00        		.byte	0
 114 005b 00        		.byte	0
 115 005c 00        		.byte	0
 116 005d 00        		.byte	0
 117 005e 00        		.byte	0
 118 005f 00        		.byte	0
 119 0060 00        		.byte	0
 120 0061 00        		.byte	0
 121 0062 00        		.byte	0
 122 0063 E6        		.byte	-26
 123 0064 C2        		.byte	-62
 124 0065 01        		.byte	1
 125 0066 01        		.byte	1
 126 0067 01        		.byte	1
 127 0068 4A        		.byte	74
 128 0069 47        		.byte	71
 129 006a 43        		.byte	67
 130 006b 44        		.byte	68
 131 006c 00        		.byte	0
 132 006d 00        		.byte	0
 133 006e 01        		.byte	1
 134 006f 4D        		.byte	77
 135 0070 51        		.byte	81
 136 0071 50        		.byte	80
 137 0072 4F        		.byte	79
 138 0073 48        		.byte	72
 139 0074 52        		.byte	82
 140 0075 45        		.byte	69
 141 0076 00        		.byte	0
 142 0077 00        		.byte	0
 143 0078 01        		.byte	1
 144 0079 01        		.byte	1
 145 007a 01        		.byte	1
 146 007b 58        		.byte	88
 147 007c 4B        		.byte	75
 148 007d 4E        		.byte	78
 149 007e 01        		.byte	1
 150 007f 01        		.byte	1
 151 0080 00        		.byte	0
 152 0081 00        		.byte	0
 153 0082 01        		.byte	1
 154 0083 01        		.byte	1
 155 0084 01        		.byte	1
 156 0085 AA        		.byte	-86
 157 0086 39        		.byte	57
 158 0087 01        		.byte	1
 159 0088 35        		.byte	53
 160 0089 3A        		.byte	58
 161 008a 00        		.byte	0
 162 008b 00        		.byte	0
 163 008c 01        		.byte	1
 164 008d 01        		.byte	1
 165 008e 01        		.byte	1
 166 008f A9        		.byte	-87
 167 0090 01        		.byte	1
 168 0091 01        		.byte	1
 169 0092 3B        		.byte	59
 170 0093 3C        		.byte	60
 171 0094 00        		.byte	0
 172 0095 00        		.byte	0
 173 0096 01        		.byte	1
 174 0097 01        		.byte	1
 175 0098 A8        		.byte	-88
 176 0099 01        		.byte	1
 177 009a 01        		.byte	1
 178 009b 01        		.byte	1
 179 009c 3D        		.byte	61
 180 009d 3E        		.byte	62
 181 009e 00        		.byte	0
 182 009f 00        		.byte	0
 183 00a0 01        		.byte	1
 184 00a1 01        		.byte	1
 185 00a2 01        		.byte	1
 186 00a3 01        		.byte	1
 187 00a4 01        		.byte	1
 188 00a5 01        		.byte	1
 189 00a6 3F        		.byte	63
 190 00a7 40        		.byte	64
 191 00a8 00        		.byte	0
 192 00a9 00        		.byte	0
 193 00aa 01        		.byte	1
 194 00ab 01        		.byte	1
 195 00ac 01        		.byte	1
 196 00ad 01        		.byte	1
 197 00ae 01        		.byte	1
 198 00af 46        		.byte	70
 199 00b0 41        		.byte	65
 200 00b1 42        		.byte	66
 201 00b2 00        		.byte	0
 202 00b3 00        		.byte	0
 203 00b4 00        		.byte	0
 204 00b5 00        		.byte	0
 205 00b6 00        		.byte	0
 206 00b7 00        		.byte	0
 207 00b8 00        		.byte	0
 208 00b9 00        		.byte	0
 209 00ba 00        		.byte	0
 210 00bb 00        		.byte	0
 211 00bc 01        		.byte	1
 212 00bd 01        		.byte	1
 213 00be 00        		.byte	0
 214 00bf 00        		.byte	0
 215 00c0 00        		.byte	0
 216 00c1 00        		.byte	0
 217 00c2 00        		.byte	0
 218 00c3 00        		.byte	0
 219 00c4 00        		.byte	0
 220 00c5 00        		.byte	0
 221 00c6 00        		.byte	0
 222 00c7 01        		.byte	1
 223 00c8 C2        		.byte	-62
 224 00c9 01        		.byte	1
 225 00ca 59        		.byte	89
 226 00cb 5C        		.byte	92
 227 00cc 5D        		.byte	93
 228 00cd 60        		.byte	96
 229 00ce 01        		.byte	1
 230 00cf 01        		.byte	1
 231 00d0 00        		.byte	0
 232 00d1 00        		.byte	0
 233 00d2 01        		.byte	1
 234 00d3 5A        		.byte	90
 235 00d4 5B        		.byte	91
 236 00d5 5E        		.byte	94
 237 00d6 01        		.byte	1
 238 00d7 61        		.byte	97
 239 00d8 01        		.byte	1
 240 00d9 01        		.byte	1
 241 00da 00        		.byte	0
 242 00db 00        		.byte	0
 243 00dc 01        		.byte	1
 244 00dd 38        		.byte	56
 245 00de 01        		.byte	1
 246 00df 01        		.byte	1
 247 00e0 01        		.byte	1
 248 00e1 01        		.byte	1
 249 00e2 01        		.byte	1
 250 00e3 01        		.byte	1
 251 00e4 00        		.byte	0
 252 00e5 00        		.byte	0
 253 00e6 01        		.byte	1
 254 00e7 01        		.byte	1
 255 00e8 01        		.byte	1
 256 00e9 50        		.byte	80
 257 00ea 01        		.byte	1
 258 00eb 01        		.byte	1
 259 00ec 01        		.byte	1
 260 00ed 01        		.byte	1
 261 00ee 00        		.byte	0
 262 00ef 00        		.byte	0
 263 00f0 01        		.byte	1
 264 00f1 01        		.byte	1
 265 00f2 01        		.byte	1
 266 00f3 51        		.byte	81
 267 00f4 52        		.byte	82
 268 00f5 01        		.byte	1
 269 00f6 01        		.byte	1
 270 00f7 01        		.byte	1
 271 00f8 00        		.byte	0
 272 00f9 00        		.byte	0
 273 00fa 01        		.byte	1
 274 00fb 01        		.byte	1
 275 00fc 4F        		.byte	79
 276 00fd 01        		.byte	1
 277 00fe 01        		.byte	1
 278 00ff 01        		.byte	1
 279 0100 01        		.byte	1
 280 0101 01        		.byte	1
 281 0102 00        		.byte	0
 282 0103 00        		.byte	0
 283 0104 01        		.byte	1
 284 0105 01        		.byte	1
 285 0106 01        		.byte	1
 286 0107 01        		.byte	1
 287 0108 01        		.byte	1
 288 0109 01        		.byte	1
 289 010a 01        		.byte	1
 290 010b 01        		.byte	1
 291 010c 00        		.byte	0
 292 010d 00        		.byte	0
 293 010e 63        		.byte	99
 294 010f 01        		.byte	1
 295 0110 01        		.byte	1
 296 0111 01        		.byte	1
 297 0112 01        		.byte	1
 298 0113 5F        		.byte	95
 299 0114 01        		.byte	1
 300 0115 01        		.byte	1
 301 0116 00        		.byte	0
 302 0117 00        		.byte	0
 303 0118 00        		.byte	0
 304 0119 00        		.byte	0
 305 011a 00        		.byte	0
 306 011b 00        		.byte	0
 307 011c 00        		.byte	0
 308 011d 00        		.byte	0
 309 011e 00        		.byte	0
 310 011f 00        		.byte	0
 311 0120 01        		.byte	1
 312 0121 01        		.byte	1
 313 0122 00        		.byte	0
 314 0123 00        		.byte	0
 315 0124 00        		.byte	0
 316 0125 00        		.byte	0
 317 0126 00        		.byte	0
 318 0127 00        		.byte	0
 319 0128 00        		.byte	0
 320 0129 00        		.byte	0
 321 012a 00        		.byte	0
 322 012b 62        		.byte	98
 323               		.text
 324               	.Letext0:
 325               		.file 1 "/usr/lib/avr/include/stdint.h"
 326               		.file 2 "../../../tmk_core/common/keycode.h"
 327               		.file 3 "../../../tmk_core/common/action_code.h"
 328               		.file 4 "../../../tmk_core/protocol/lufa/LUFA-git/LUFA/Drivers/USB/Core/USBTask.h"
 329               		.file 5 "keymap.c"
DEFINED SYMBOLS
                            *ABS*:0000000000000000 keymap.c
     /tmp/ccRTzQfG.s:2      *ABS*:000000000000003e __SP_H__
     /tmp/ccRTzQfG.s:3      *ABS*:000000000000003d __SP_L__
     /tmp/ccRTzQfG.s:4      *ABS*:000000000000003f __SREG__
     /tmp/ccRTzQfG.s:5      *ABS*:0000000000000000 __tmp_reg__
     /tmp/ccRTzQfG.s:6      *ABS*:0000000000000001 __zero_reg__
     /tmp/ccRTzQfG.s:14     .progmem.data.fn_actions:0000000000000000 fn_actions
     /tmp/ccRTzQfG.s:22     .progmem.data.keymaps:0000000000000000 keymaps

NO UNDEFINED SYMBOLS
